# vsim work.xgemac_top -voptargs="+acc=npr" "+UVM_TESTNAME=xgemac_normal_test" -l mac_sim.log -c -do "log -r /*; add wave -r /*; run -all;  exit" -wlf waveform.wlf 
# Start time: 11:53:55 on Jul 18,2024
# ** Note: (vsim-3812) Design is being optimized...
# ** Warning: (vopt-8637) ../src/tb/in_mon.sv(64): A modport ('pkt_in_mon_mp') should not be used in a hierarchical path.
# ** Warning: (vopt-8637) ../src/tb/in_mon.sv(64): A modport ('pkt_in_mon_mp') should not be used in a hierarchical path.
# ** Warning: (vopt-8637) ../src/tb/in_mon.sv(68): A modport ('pkt_in_mon_mp') should not be used in a hierarchical path.
# ** Warning: (vopt-8637) ../src/tb/in_mon.sv(68): A modport ('pkt_in_mon_mp') should not be used in a hierarchical path.
# ** Warning: (vopt-8637) ../src/tb/in_mon.sv(69): A modport ('pkt_in_mon_mp') should not be used in a hierarchical path.
# ** Warning: (vopt-8637) ../src/tb/in_mon.sv(69): A modport ('pkt_in_mon_mp') should not be used in a hierarchical path.
# ** Warning: (vopt-8637) ../src/tb/in_mon.sv(70): A modport ('pkt_in_mon_mp') should not be used in a hierarchical path.
# ** Warning: (vopt-8637) ../src/tb/in_mon.sv(70): A modport ('pkt_in_mon_mp') should not be used in a hierarchical path.
# ** Warning: (vopt-8637) ../src/tb/in_mon.sv(71): A modport ('pkt_in_mon_mp') should not be used in a hierarchical path.
# ** Warning: (vopt-8637) ../src/tb/in_mon.sv(71): A modport ('pkt_in_mon_mp') should not be used in a hierarchical path.
# ** Warning: (vopt-8637) ../src/tb/in_mon.sv(72): A modport ('pkt_in_mon_mp') should not be used in a hierarchical path.
# ** Warning: (vopt-8637) ../src/tb/in_mon.sv(72): A modport ('pkt_in_mon_mp') should not be used in a hierarchical path.
# ** Warning: (vopt-8637) ../src/tb/out_mon.sv(80): A modport ('pkt_out_mon_mp') should not be used in a hierarchical path.
# ** Warning: (vopt-8637) ../src/tb/out_mon.sv(80): A modport ('pkt_out_mon_mp') should not be used in a hierarchical path.
# ** Warning: (vopt-8637) ../src/tb/out_mon.sv(84): A modport ('pkt_out_mon_mp') should not be used in a hierarchical path.
# ** Warning: (vopt-8637) ../src/tb/out_mon.sv(84): A modport ('pkt_out_mon_mp') should not be used in a hierarchical path.
# ** Warning: (vopt-8637) ../src/tb/out_mon.sv(85): A modport ('pkt_out_mon_mp') should not be used in a hierarchical path.
# ** Warning: (vopt-8637) ../src/tb/out_mon.sv(85): A modport ('pkt_out_mon_mp') should not be used in a hierarchical path.
# ** Warning: (vopt-8637) ../src/tb/out_mon.sv(86): A modport ('pkt_out_mon_mp') should not be used in a hierarchical path.
# ** Warning: (vopt-8637) ../src/tb/out_mon.sv(86): A modport ('pkt_out_mon_mp') should not be used in a hierarchical path.
# ** Warning: (vopt-8637) ../src/tb/out_mon.sv(87): A modport ('pkt_out_mon_mp') should not be used in a hierarchical path.
# ** Warning: (vopt-8637) ../src/tb/out_mon.sv(87): A modport ('pkt_out_mon_mp') should not be used in a hierarchical path.
# ** Warning: (vopt-8637) ../src/tb/out_mon.sv(88): A modport ('pkt_out_mon_mp') should not be used in a hierarchical path.
# ** Warning: (vopt-8637) ../src/tb/out_mon.sv(88): A modport ('pkt_out_mon_mp') should not be used in a hierarchical path.
# ** Warning: (vopt-8637) ../src/tb/out_mon.sv(89): A modport ('pkt_out_mon_mp') should not be used in a hierarchical path.
# ** Warning: (vopt-8637) ../src/tb/out_mon.sv(89): A modport ('pkt_out_mon_mp') should not be used in a hierarchical path.
# ** Warning: (vopt-8637) ../src/tb/out_mon.sv(90): A modport ('pkt_out_mon_mp') should not be used in a hierarchical path.
# ** Warning: (vopt-8637) ../src/tb/out_mon.sv(90): A modport ('pkt_out_mon_mp') should not be used in a hierarchical path.
# ** Warning: (vopt-8637) ../src/tb/wish_mon.sv(29): A modport ('wish_m_mp') should not be used in a hierarchical path.
# ** Warning: (vopt-8637) ../src/tb/wish_mon.sv(29): A modport ('wish_m_mp') should not be used in a hierarchical path.
# ** Warning: (vopt-8637) ../src/tb/wish_mon.sv(33): A modport ('wish_m_mp') should not be used in a hierarchical path.
# ** Warning: (vopt-8637) ../src/tb/wish_mon.sv(33): A modport ('wish_m_mp') should not be used in a hierarchical path.
# ** Warning: (vopt-8637) ../src/tb/wish_mon.sv(34): A modport ('wish_m_mp') should not be used in a hierarchical path.
# ** Warning: (vopt-8637) ../src/tb/wish_mon.sv(34): A modport ('wish_m_mp') should not be used in a hierarchical path.
# ** Warning: (vopt-8637) ../src/tb/wish_mon.sv(35): A modport ('wish_m_mp') should not be used in a hierarchical path.
# ** Warning: (vopt-8637) ../src/tb/wish_mon.sv(35): A modport ('wish_m_mp') should not be used in a hierarchical path.
# ** Warning: (vopt-8637) ../src/tb/wish_mon.sv(36): A modport ('wish_m_mp') should not be used in a hierarchical path.
# ** Warning: (vopt-8637) ../src/tb/wish_mon.sv(36): A modport ('wish_m_mp') should not be used in a hierarchical path.
# ** Warning: (vopt-8637) ../src/tb/wish_mon.sv(37): A modport ('wish_m_mp') should not be used in a hierarchical path.
# ** Warning: (vopt-8637) ../src/tb/wish_mon.sv(37): A modport ('wish_m_mp') should not be used in a hierarchical path.
# ** Warning: (vopt-8637) ../src/tb/wish_mon.sv(39): A modport ('wish_m_mp') should not be used in a hierarchical path.
# ** Warning: (vopt-8637) ../src/tb/wish_mon.sv(39): A modport ('wish_m_mp') should not be used in a hierarchical path.
# ** Warning: (vopt-8637) ../src/tb/wish_mon.sv(40): A modport ('wish_m_mp') should not be used in a hierarchical path.
# ** Warning: (vopt-8637) ../src/tb/wish_mon.sv(40): A modport ('wish_m_mp') should not be used in a hierarchical path.
# ** Warning: (vopt-8637) ../src/tb/wish_mon.sv(52): A modport ('wish_m_mp') should not be used in a hierarchical path.
# ** Warning: (vopt-8637) ../src/tb/wish_mon.sv(52): A modport ('wish_m_mp') should not be used in a hierarchical path.
# ** Warning: ../src/tb/xgemac_scoreboard.sv(61): (vopt-2250) Function "write_inactiveport" has no return value assignment.
# ** Warning: ../src/tb/xgemac_scoreboard.sv(74): (vopt-2250) Function "write_outpassiveport" has no return value assignment.
# ** Warning: ../src/tb/xgemac_scoreboard.sv(88): (vopt-2250) Function "write_wishactiveport" has no return value assignment.
# //  Questa Sim
# //  Version 10.6c linux Jul 25 2017
# //
# //  Copyright 1991-2017 Mentor Graphics Corporation
# //  All Rights Reserved.
# //
# //  QuestaSim and its associated documentation contain trade
# //  secrets and commercial or financial information that are the property of
# //  Mentor Graphics Corporation and are privileged, confidential,
# //  and exempt from disclosure under the Freedom of Information Act,
# //  5 U.S.C. Section 552. Furthermore, this information
# //  is prohibited from disclosure under the Trade Secrets Act,
# //  18 U.S.C. Section 1905.
# //
# Loading sv_std.std
# Loading work.pkt_interface(fast)
# Loading work.wish_intf(fast)
# Loading mtiUvm.uvm_pkg
# Loading work.xgemac_pkg(fast)
# Loading work.xgemac_top_sv_unit(fast)
# Loading work.xgemac_top(fast)
# Loading work.wish_intf(fast)
# Loading work.pkt_interface(fast)
# Loading work.xge_mac(fast)
# Loading work.rx_enqueue(fast)
# Loading work.rx_dequeue(fast)
# Loading work.rx_data_fifo(fast)
# Loading work.generic_fifo(fast)
# Loading work.generic_mem_medium(fast)
# Loading work.generic_fifo_ctrl(fast)
# Loading work.rx_hold_fifo(fast)
# Loading work.generic_fifo(fast__1)
# Loading work.generic_mem_small(fast)
# Loading work.generic_fifo_ctrl(fast__1)
# Loading work.tx_enqueue(fast)
# Loading work.tx_dequeue(fast)
# Loading work.tx_data_fifo(fast)
# Loading work.generic_fifo(fast__2)
# Loading work.generic_mem_medium(fast__1)
# Loading work.generic_fifo_ctrl(fast__2)
# Loading work.tx_hold_fifo(fast)
# Loading work.generic_fifo(fast__3)
# Loading work.generic_fifo_ctrl(fast__3)
# Loading work.fault_sm(fast)
# Loading work.sync_clk_wb(fast)
# Loading work.meta_sync(fast)
# Loading work.meta_sync_single(fast)
# Loading work.meta_sync(fast__1)
# Loading work.meta_sync_single(fast__1)
# Loading work.sync_clk_xgmii_tx(fast)
# Loading work.meta_sync(fast__2)
# Loading work.sync_clk_core(fast)
# Loading work.wishbone_if(fast)
# Loading mtiUvm.questa_uvm_pkg(fast)
# ** Warning: (vsim-8637) ../src/tb/in_mon.sv(64): A modport ('pkt_in_mon_mp') should not be used in a hierarchical path.
#    Time: 0 ps  Iteration: 0  Region: /xgemac_pkg File: ../src/tb/xgemac_pkg.sv
# ** Warning: (vsim-8637) ../src/tb/out_mon.sv(80): A modport ('pkt_out_mon_mp') should not be used in a hierarchical path.
#    Time: 0 ps  Iteration: 0  Region: /xgemac_pkg File: ../src/tb/xgemac_pkg.sv
# ** Warning: (vsim-8637) ../src/tb/wish_mon.sv(29): A modport ('wish_m_mp') should not be used in a hierarchical path.
#    Time: 0 ps  Iteration: 0  Region: /xgemac_pkg File: ../src/tb/xgemac_pkg.sv
# ** Warning: (vsim-8637) ../src/tb/reset_drv.sv(105): A modport ('wish_reset_dr_mp') should not be used in a hierarchical path.
#    Time: 0 ps  Iteration: 0  Region: /xgemac_pkg::reset_drv File: ../src/tb/xgemac_pkg.sv
# ** Warning: (vsim-8637) ../src/tb/reset_drv.sv(104): A modport ('wish_reset_dr_mp') should not be used in a hierarchical path.
#    Time: 0 ps  Iteration: 0  Region: /xgemac_pkg::reset_drv File: ../src/tb/xgemac_pkg.sv
# ** Warning: (vsim-8637) ../src/tb/reset_drv.sv(88): A modport ('pkt_reset_dr_mp') should not be used in a hierarchical path.
#    Time: 0 ps  Iteration: 0  Region: /xgemac_pkg::reset_drv File: ../src/tb/xgemac_pkg.sv
# ** Warning: (vsim-8441) ../src/tb/reset_drv.sv(88): Clocking block output pkt_vif.pkt_reset_dr_mp.pkt_reset_dr_cb.reset_156m25_n is not legal in this
# or another expression.
#    Time: 0 ps  Iteration: 0  Region: /xgemac_pkg::reset_drv File: ../src/tb/xgemac_pkg.sv
# ** Warning: (vsim-8637) ../src/tb/reset_drv.sv(87): A modport ('pkt_reset_dr_mp') should not be used in a hierarchical path.
#    Time: 0 ps  Iteration: 0  Region: /xgemac_pkg::reset_drv File: ../src/tb/xgemac_pkg.sv
# ** Warning: (vsim-8637) ../src/tb/wish_drv.sv(29): A modport ('wish_d_mp') should not be used in a hierarchical path.
#    Time: 0 ps  Iteration: 0  Region: /xgemac_pkg::wish_drv File: ../src/tb/xgemac_pkg.sv
# ** Warning: (vsim-8637) ../src/tb/wish_drv.sv(41): A modport ('wish_d_mp') should not be used in a hierarchical path.
#    Time: 0 ps  Iteration: 0  Region: /xgemac_pkg::wish_drv File: ../src/tb/xgemac_pkg.sv
# ** Warning: (vsim-8637) ../src/tb/wish_drv.sv(42): A modport ('wish_d_mp') should not be used in a hierarchical path.
#    Time: 0 ps  Iteration: 0  Region: /xgemac_pkg::wish_drv File: ../src/tb/xgemac_pkg.sv
# ** Warning: (vsim-8637) ../src/tb/wish_drv.sv(43): A modport ('wish_d_mp') should not be used in a hierarchical path.
#    Time: 0 ps  Iteration: 0  Region: /xgemac_pkg::wish_drv File: ../src/tb/xgemac_pkg.sv
# ** Warning: (vsim-8637) ../src/tb/wish_drv.sv(44): A modport ('wish_d_mp') should not be used in a hierarchical path.
#    Time: 0 ps  Iteration: 0  Region: /xgemac_pkg::wish_drv File: ../src/tb/xgemac_pkg.sv
# ** Warning: (vsim-8637) ../src/tb/wish_drv.sv(45): A modport ('wish_d_mp') should not be used in a hierarchical path.
#    Time: 0 ps  Iteration: 0  Region: /xgemac_pkg::wish_drv File: ../src/tb/xgemac_pkg.sv
# ** Warning: (vsim-3764) ../src/tb/xgemac_scoreboard.sv(4): Stand-alone call to function 'write_inactiveport' treated as implicit void cast.
#    Time: 0 ps  Iteration: 0  Region: /xgemac_pkg::uvm_analysis_imp_inactiveport #(xgemac_pkg::in_seq_item, xgemac_pkg::xgemac_scoreboard) File: ../src/tb/xgemac_pkg.sv
# ** Warning: (vsim-3764) ../src/tb/xgemac_scoreboard.sv(5): Stand-alone call to function 'write_outpassiveport' treated as implicit void cast.
#    Time: 0 ps  Iteration: 0  Region: /xgemac_pkg::uvm_analysis_imp_outpassiveport #(xgemac_pkg::in_seq_item, xgemac_pkg::xgemac_scoreboard) File: ../src/tb/xgemac_pkg.sv
# ** Warning: (vsim-3764) ../src/tb/xgemac_scoreboard.sv(6): Stand-alone call to function 'write_wishactiveport' treated as implicit void cast.
#    Time: 0 ps  Iteration: 0  Region: /xgemac_pkg::uvm_analysis_imp_wishactiveport #(xgemac_pkg::wish_seq_item, xgemac_pkg::xgemac_scoreboard) File: ../src/tb/xgemac_pkg.sv
# Loading /tools/mentor/questasim_10.6c/questasim/uvm-1.1d/linux/uvm_dpi.so
# log -r /*
#  add wave -r /*
#  run -all
# ----------------------------------------------------------------
# UVM-1.1d
# (C) 2007-2013 Mentor Graphics Corporation
# (C) 2007-2013 Cadence Design Systems, Inc.
# (C) 2006-2013 Synopsys, Inc.
# (C) 2011-2013 Cypress Semiconductor Corp.
# ----------------------------------------------------------------
# 
#   ***********       IMPORTANT RELEASE NOTES         ************
# 
#   You are using a version of the UVM library that has been compiled
#   with `UVM_NO_DEPRECATED undefined.
#   See http://www.eda.org/svdb/view.php?id=3313 for more details.
# 
#   You are using a version of the UVM library that has been compiled
#   with `UVM_OBJECT_MUST_HAVE_CONSTRUCTOR undefined.
#   See http://www.eda.org/svdb/view.php?id=3770 for more details.
# 
#       (Specify +UVM_NO_RELNOTES to turn off this notice)
# 
# UVM_INFO verilog_src/questa_uvm_pkg-1.2/src/questa_uvm_pkg.sv(215) @ 0: reporter [Questa UVM] QUESTA_UVM-1.2.3
# UVM_INFO verilog_src/questa_uvm_pkg-1.2/src/questa_uvm_pkg.sv(217) @ 0: reporter [Questa UVM]  questa_uvm::init(+struct)
# UVM_INFO @ 0: reporter [RNTST] Running test xgemac_normal_test...
# UVM_INFO ../src/tb/xgemac_base_test.sv(59) @ 0: uvm_test_top [xgemac_normal_test] Inside BASE_TEST
# UVM_INFO ../src/tb/xgemac_base_test.sv(60) @ 0: uvm_test_top [xgemac_normal_test] Done BASE_TEST
# UVM_INFO ../src/tb/xgemac_normal_test.sv(59) @ 0: uvm_test_top [xgemac_normal_test] Inside xgemac_normal_test
# UVM_WARNING @ 0: reporter@@xgemac_normal_vseq_h [uvm_sequence_base] Body definition undefined
# UVM_INFO ../src/tb/xgemac_base_vseq.sv(58) @ 0: reporter@@xgemac_normal_vseq_h [xgemac_normal_vseq] virtual_seq: Inside Body
# UVM_INFO ../src/tb/xgemac_normal_vseq.sv(41) @ 0: reporter@@xgemac_normal_vseq_h [xgemac_normal_vseq] virtual_seq: Inside Body
# UVM_WARNING @ 0: uvm_test_top.xgemac_env_h.reset_agent_h.reset_seqr_h@@reset_seq_h [uvm_sequence_base] Body definition undefined
# UVM_INFO ../src/tb/reset_seq.sv(15) @ 0: uvm_test_top.xgemac_env_h.reset_agent_h.reset_seqr_h@@reset_seq_h [reset_seq] Starting reset sequence...
# UVM_INFO ../src/tb/reset_seq.sv(17) @ 0: uvm_test_top.xgemac_env_h.reset_agent_h.reset_seqr_h@@reset_seq_h [reset_seq] Reset assertion
# UVM_INFO ../src/tb/in_mon.sv(76) @ 1200: uvm_test_top.xgemac_env_h.in_agent_h.in_mon_h [in_mon] [IN MONITOR] pkt_tx_data = 0, pkt_tx_sop = 0, pkt_tx_eop = 0, pkt_tx_val = 0, pkt_tx_mod = 0, pkt_tx_full = 0
# UVM_INFO ../src/tb/out_mon.sv(96) @ 1200: uvm_test_top.xgemac_env_h.out_agent_h.out_mon_h [out_mon] [OUT MONITOR] pkt_rx_avail = 0, pkt_rx_data = 0,  pkt_rx_eop = 0, pkt_rx_val = 0,
#                                         pkt_rx_sop = 0, pkt_rx_mod = 0,pkt_rx_err = 0
# UVM_INFO ../src/tb/out_mon.sv(96) @ 3600: uvm_test_top.xgemac_env_h.out_agent_h.out_mon_h [out_mon] [OUT MONITOR] pkt_rx_avail = 0, pkt_rx_data = 0,  pkt_rx_eop = 0, pkt_rx_val = 0,
#                                         pkt_rx_sop = 0, pkt_rx_mod = 0,pkt_rx_err = 0
# UVM_INFO ../src/tb/in_mon.sv(76) @ 3600: uvm_test_top.xgemac_env_h.in_agent_h.in_mon_h [in_mon] [IN MONITOR] pkt_tx_data = 0, pkt_tx_sop = 0, pkt_tx_eop = 0, pkt_tx_val = 0, pkt_tx_mod = 0, pkt_tx_full = 0
# UVM_INFO ../src/tb/reset_drv.sv(96) @ 3600: uvm_test_top.xgemac_env_h.reset_agent_h.reset_drv_h [reset_drv] [PKT RESET DRIVER TASK] reset_156m25_n = 0
# UVM_INFO ../src/tb/wish_mon.sv(59) @ 5000: uvm_test_top.xgemac_env_h.wish_agent_h.wish_mon_h [wish_mon] [WISHBONE MONITOR READ TASK] read_address = 0, read_data = 0
# ------------------------------------------------------ 
# UVM_INFO ../src/tb/wish_drv.sv(46) @ 5000: uvm_test_top.xgemac_env_h.wish_agent_h.wish_drv_h [wish_drv] [WISHBONE DRIVER WRITE TASK] write_address = 0, write_data = 1
# ----------------------------------------------------- 
# UVM_INFO ../src/tb/in_mon.sv(76) @ 6000: uvm_test_top.xgemac_env_h.in_agent_h.in_mon_h [in_mon] [IN MONITOR] pkt_tx_data = 0, pkt_tx_sop = 0, pkt_tx_eop = 0, pkt_tx_val = 0, pkt_tx_mod = 0, pkt_tx_full = 0
# UVM_INFO ../src/tb/out_mon.sv(96) @ 6000: uvm_test_top.xgemac_env_h.out_agent_h.out_mon_h [out_mon] [OUT MONITOR] pkt_rx_avail = 0, pkt_rx_data = 0,  pkt_rx_eop = 0, pkt_rx_val = 0,
#                                         pkt_rx_sop = 0, pkt_rx_mod = 0,pkt_rx_err = 0
# UVM_INFO ../src/tb/out_mon.sv(96) @ 8400: uvm_test_top.xgemac_env_h.out_agent_h.out_mon_h [out_mon] [OUT MONITOR] pkt_rx_avail = 0, pkt_rx_data = 0,  pkt_rx_eop = 0, pkt_rx_val = 0,
#                                         pkt_rx_sop = 0, pkt_rx_mod = 0,pkt_rx_err = 0
# UVM_INFO ../src/tb/in_mon.sv(76) @ 8400: uvm_test_top.xgemac_env_h.in_agent_h.in_mon_h [in_mon] [IN MONITOR] pkt_tx_data = 0, pkt_tx_sop = 0, pkt_tx_eop = 0, pkt_tx_val = 0, pkt_tx_mod = 0, pkt_tx_full = 0
# UVM_INFO ../src/tb/in_mon.sv(76) @ 10800: uvm_test_top.xgemac_env_h.in_agent_h.in_mon_h [in_mon] [IN MONITOR] pkt_tx_data = 0, pkt_tx_sop = 0, pkt_tx_eop = 0, pkt_tx_val = 0, pkt_tx_mod = 0, pkt_tx_full = 0
# UVM_INFO ../src/tb/out_mon.sv(96) @ 10800: uvm_test_top.xgemac_env_h.out_agent_h.out_mon_h [out_mon] [OUT MONITOR] pkt_rx_avail = 0, pkt_rx_data = 0,  pkt_rx_eop = 0, pkt_rx_val = 0,
#                                         pkt_rx_sop = 0, pkt_rx_mod = 0,pkt_rx_err = 0
# UVM_INFO ../src/tb/out_mon.sv(96) @ 13200: uvm_test_top.xgemac_env_h.out_agent_h.out_mon_h [out_mon] [OUT MONITOR] pkt_rx_avail = 0, pkt_rx_data = 0,  pkt_rx_eop = 0, pkt_rx_val = 0,
#                                         pkt_rx_sop = 0, pkt_rx_mod = 0,pkt_rx_err = 0
# UVM_INFO ../src/tb/in_mon.sv(76) @ 13200: uvm_test_top.xgemac_env_h.in_agent_h.in_mon_h [in_mon] [IN MONITOR] pkt_tx_data = 0, pkt_tx_sop = 0, pkt_tx_eop = 0, pkt_tx_val = 0, pkt_tx_mod = 0, pkt_tx_full = 0
# UVM_INFO ../src/tb/wish_mon.sv(42) @ 15000: uvm_test_top.xgemac_env_h.wish_agent_h.wish_mon_h [wish_mon] [WISHBONE MONITOR WRITE TASK] write_address = 0, write_data = 0
# ------------------------------------------------------ 
# UVM_INFO ../src/tb/reset_drv.sv(107) @ 15000: uvm_test_top.xgemac_env_h.reset_agent_h.reset_drv_h [reset_drv] [WISHBONE RESET DRIVER TASK] wb_rst_i = 1
# ---------------------------------------------------------------------------------------------------------------------
# Name                           Type            Size  Value                                                           
# ---------------------------------------------------------------------------------------------------------------------
# req                            reset_seq_item  -     @1060                                                           
#   reset_156m25_n               integral        1     'h0                                                             
#   wb_rst_i                     integral        1     'h1                                                             
#   begin_time                   time            64    0                                                               
#   end_time                     time            64    15000                                                           
#   depth                        int             32    'd2                                                             
#   parent sequence (name)       string          11    reset_seq_h                                                     
#   parent sequence (full name)  string          64    uvm_test_top.xgemac_env_h.reset_agent_h.reset_seqr_h.reset_seq_h
#   sequencer                    string          52    uvm_test_top.xgemac_env_h.reset_agent_h.reset_seqr_h            
# ---------------------------------------------------------------------------------------------------------------------
# UVM_INFO ../src/tb/reset_seq.sv(29) @ 15000: uvm_test_top.xgemac_env_h.reset_agent_h.reset_seqr_h@@reset_seq_h [reset_seq] Reset de-assertion
# UVM_INFO ../src/tb/wish_drv.sv(46) @ 15000: uvm_test_top.xgemac_env_h.wish_agent_h.wish_drv_h [wish_drv] [WISHBONE DRIVER WRITE TASK] write_address = 10, write_data = ffffffff
# ----------------------------------------------------- 
# UVM_INFO ../src/tb/in_mon.sv(76) @ 15600: uvm_test_top.xgemac_env_h.in_agent_h.in_mon_h [in_mon] [IN MONITOR] pkt_tx_data = 0, pkt_tx_sop = 0, pkt_tx_eop = 0, pkt_tx_val = 0, pkt_tx_mod = 0, pkt_tx_full = 0
# UVM_INFO ../src/tb/out_mon.sv(96) @ 15600: uvm_test_top.xgemac_env_h.out_agent_h.out_mon_h [out_mon] [OUT MONITOR] pkt_rx_avail = 0, pkt_rx_data = 0,  pkt_rx_eop = 0, pkt_rx_val = 0,
#                                         pkt_rx_sop = 0, pkt_rx_mod = 0,pkt_rx_err = 0
# UVM_INFO ../src/tb/out_mon.sv(96) @ 18000: uvm_test_top.xgemac_env_h.out_agent_h.out_mon_h [out_mon] [OUT MONITOR] pkt_rx_avail = 0, pkt_rx_data = 0,  pkt_rx_eop = 0, pkt_rx_val = 0,
#                                         pkt_rx_sop = 0, pkt_rx_mod = 0,pkt_rx_err = 0
# UVM_INFO ../src/tb/in_mon.sv(76) @ 18000: uvm_test_top.xgemac_env_h.in_agent_h.in_mon_h [in_mon] [IN MONITOR] pkt_tx_data = 0, pkt_tx_sop = 0, pkt_tx_eop = 0, pkt_tx_val = 0, pkt_tx_mod = 0, pkt_tx_full = 0
# UVM_INFO ../src/tb/reset_drv.sv(96) @ 18000: uvm_test_top.xgemac_env_h.reset_agent_h.reset_drv_h [reset_drv] [PKT RESET DRIVER TASK] reset_156m25_n = 1
# UVM_INFO ../src/tb/in_mon.sv(76) @ 20400: uvm_test_top.xgemac_env_h.in_agent_h.in_mon_h [in_mon] [IN MONITOR] pkt_tx_data = 0, pkt_tx_sop = 0, pkt_tx_eop = 0, pkt_tx_val = 0, pkt_tx_mod = 0, pkt_tx_full = 0
# UVM_INFO ../src/tb/out_mon.sv(96) @ 20400: uvm_test_top.xgemac_env_h.out_agent_h.out_mon_h [out_mon] [OUT MONITOR] pkt_rx_avail = 0, pkt_rx_data = 0,  pkt_rx_eop = 0, pkt_rx_val = 0,
#                                         pkt_rx_sop = 0, pkt_rx_mod = 0,pkt_rx_err = 0
# UVM_INFO ../src/tb/out_mon.sv(96) @ 22800: uvm_test_top.xgemac_env_h.out_agent_h.out_mon_h [out_mon] [OUT MONITOR] pkt_rx_avail = 0, pkt_rx_data = 0,  pkt_rx_eop = 0, pkt_rx_val = 0,
#                                         pkt_rx_sop = 0, pkt_rx_mod = 0,pkt_rx_err = 0
# UVM_INFO ../src/tb/in_mon.sv(76) @ 22800: uvm_test_top.xgemac_env_h.in_agent_h.in_mon_h [in_mon] [IN MONITOR] pkt_tx_data = 908095efb7c21435, pkt_tx_sop = 1, pkt_tx_eop = 0, pkt_tx_val = 1, pkt_tx_mod = 0, pkt_tx_full = 0
# UVM_INFO ../src/tb/wish_mon.sv(42) @ 25000: uvm_test_top.xgemac_env_h.wish_agent_h.wish_mon_h [wish_mon] [WISHBONE MONITOR WRITE TASK] write_address = 0, write_data = 1
# ------------------------------------------------------ 
# UVM_INFO ../src/tb/wish_drv.sv(58) @ 25000: uvm_test_top.xgemac_env_h.wish_agent_h.wish_drv_h [wish_drv] [WISHBONE DRIVER READ TASK] read_address = 0
# ------------------------------------------------------ 
# UVM_INFO ../src/tb/in_mon.sv(76) @ 25200: uvm_test_top.xgemac_env_h.in_agent_h.in_mon_h [in_mon] [IN MONITOR] pkt_tx_data = e59cb9ee89599a07, pkt_tx_sop = 0, pkt_tx_eop = 0, pkt_tx_val = 1, pkt_tx_mod = 0, pkt_tx_full = 0
# UVM_INFO ../src/tb/out_mon.sv(96) @ 25200: uvm_test_top.xgemac_env_h.out_agent_h.out_mon_h [out_mon] [OUT MONITOR] pkt_rx_avail = 0, pkt_rx_data = 0,  pkt_rx_eop = 0, pkt_rx_val = 0,
#                                         pkt_rx_sop = 0, pkt_rx_mod = 0,pkt_rx_err = 0
# UVM_INFO ../src/tb/out_mon.sv(96) @ 27600: uvm_test_top.xgemac_env_h.out_agent_h.out_mon_h [out_mon] [OUT MONITOR] pkt_rx_avail = 0, pkt_rx_data = 0,  pkt_rx_eop = 0, pkt_rx_val = 0,
#                                         pkt_rx_sop = 0, pkt_rx_mod = 0,pkt_rx_err = 0
# UVM_INFO ../src/tb/in_mon.sv(76) @ 27600: uvm_test_top.xgemac_env_h.in_agent_h.in_mon_h [in_mon] [IN MONITOR] pkt_tx_data = b6b8c588adefabc1, pkt_tx_sop = 0, pkt_tx_eop = 0, pkt_tx_val = 1, pkt_tx_mod = 0, pkt_tx_full = 0
# UVM_INFO ../src/tb/in_mon.sv(76) @ 30000: uvm_test_top.xgemac_env_h.in_agent_h.in_mon_h [in_mon] [IN MONITOR] pkt_tx_data = 7fd1f0a7df89d274, pkt_tx_sop = 0, pkt_tx_eop = 0, pkt_tx_val = 1, pkt_tx_mod = 0, pkt_tx_full = 0
# UVM_INFO ../src/tb/out_mon.sv(96) @ 30000: uvm_test_top.xgemac_env_h.out_agent_h.out_mon_h [out_mon] [OUT MONITOR] pkt_rx_avail = 0, pkt_rx_data = 0,  pkt_rx_eop = 0, pkt_rx_val = 0,
#                                         pkt_rx_sop = 0, pkt_rx_mod = 0,pkt_rx_err = 0
# UVM_INFO ../src/tb/out_mon.sv(96) @ 32400: uvm_test_top.xgemac_env_h.out_agent_h.out_mon_h [out_mon] [OUT MONITOR] pkt_rx_avail = 0, pkt_rx_data = 0,  pkt_rx_eop = 0, pkt_rx_val = 0,
#                                         pkt_rx_sop = 0, pkt_rx_mod = 0,pkt_rx_err = 0
# UVM_INFO ../src/tb/in_mon.sv(76) @ 32400: uvm_test_top.xgemac_env_h.in_agent_h.in_mon_h [in_mon] [IN MONITOR] pkt_tx_data = 74b3f929c7f4ffb4, pkt_tx_sop = 0, pkt_tx_eop = 0, pkt_tx_val = 1, pkt_tx_mod = 0, pkt_tx_full = 0
# UVM_INFO ../src/tb/in_mon.sv(76) @ 34800: uvm_test_top.xgemac_env_h.in_agent_h.in_mon_h [in_mon] [IN MONITOR] pkt_tx_data = d83f70a9cdc2c768, pkt_tx_sop = 0, pkt_tx_eop = 0, pkt_tx_val = 1, pkt_tx_mod = 0, pkt_tx_full = 0
# UVM_INFO ../src/tb/out_mon.sv(96) @ 34800: uvm_test_top.xgemac_env_h.out_agent_h.out_mon_h [out_mon] [OUT MONITOR] pkt_rx_avail = 0, pkt_rx_data = 0,  pkt_rx_eop = 0, pkt_rx_val = 0,
#                                         pkt_rx_sop = 0, pkt_rx_mod = 0,pkt_rx_err = 0
# UVM_INFO ../src/tb/wish_mon.sv(59) @ 35000: uvm_test_top.xgemac_env_h.wish_agent_h.wish_mon_h [wish_mon] [WISHBONE MONITOR READ TASK] read_address = 10, read_data = 0
# ------------------------------------------------------ 
# UVM_INFO ../src/tb/reset_drv.sv(107) @ 35000: uvm_test_top.xgemac_env_h.reset_agent_h.reset_drv_h [reset_drv] [WISHBONE RESET DRIVER TASK] wb_rst_i = 0
# ---------------------------------------------------------------------------------------------------------------------
# Name                           Type            Size  Value                                                           
# ---------------------------------------------------------------------------------------------------------------------
# req                            reset_seq_item  -     @1162                                                           
#   reset_156m25_n               integral        1     'h1                                                             
#   wb_rst_i                     integral        1     'h0                                                             
#   begin_time                   time            64    15000                                                           
#   end_time                     time            64    35000                                                           
#   depth                        int             32    'd2                                                             
#   parent sequence (name)       string          11    reset_seq_h                                                     
#   parent sequence (full name)  string          64    uvm_test_top.xgemac_env_h.reset_agent_h.reset_seqr_h.reset_seq_h
#   sequencer                    string          52    uvm_test_top.xgemac_env_h.reset_agent_h.reset_seqr_h            
# ---------------------------------------------------------------------------------------------------------------------
# UVM_INFO ../src/tb/reset_seq.sv(41) @ 35000: uvm_test_top.xgemac_env_h.reset_agent_h.reset_seqr_h@@reset_seq_h [reset_seq] Reset sequence completed
# UVM_INFO ../src/tb/wish_drv.sv(58) @ 35000: uvm_test_top.xgemac_env_h.wish_agent_h.wish_drv_h [wish_drv] [WISHBONE DRIVER READ TASK] read_address = 8
# ------------------------------------------------------ 
# UVM_INFO ../src/tb/out_mon.sv(96) @ 37200: uvm_test_top.xgemac_env_h.out_agent_h.out_mon_h [out_mon] [OUT MONITOR] pkt_rx_avail = 0, pkt_rx_data = 0,  pkt_rx_eop = 0, pkt_rx_val = 0,
#                                         pkt_rx_sop = 0, pkt_rx_mod = 0,pkt_rx_err = 0
# UVM_INFO ../src/tb/in_mon.sv(76) @ 37200: uvm_test_top.xgemac_env_h.in_agent_h.in_mon_h [in_mon] [IN MONITOR] pkt_tx_data = e4c5391c793624f5, pkt_tx_sop = 0, pkt_tx_eop = 0, pkt_tx_val = 1, pkt_tx_mod = 0, pkt_tx_full = 0
# UVM_INFO ../src/tb/in_mon.sv(76) @ 39600: uvm_test_top.xgemac_env_h.in_agent_h.in_mon_h [in_mon] [IN MONITOR] pkt_tx_data = fbb30f9207f94836, pkt_tx_sop = 0, pkt_tx_eop = 0, pkt_tx_val = 1, pkt_tx_mod = 0, pkt_tx_full = 0
# UVM_INFO ../src/tb/out_mon.sv(96) @ 39600: uvm_test_top.xgemac_env_h.out_agent_h.out_mon_h [out_mon] [OUT MONITOR] pkt_rx_avail = 0, pkt_rx_data = 0,  pkt_rx_eop = 0, pkt_rx_val = 0,
#                                         pkt_rx_sop = 0, pkt_rx_mod = 0,pkt_rx_err = 0
# UVM_INFO ../src/tb/out_mon.sv(96) @ 42000: uvm_test_top.xgemac_env_h.out_agent_h.out_mon_h [out_mon] [OUT MONITOR] pkt_rx_avail = 0, pkt_rx_data = 0,  pkt_rx_eop = 0, pkt_rx_val = 0,
#                                         pkt_rx_sop = 0, pkt_rx_mod = 0,pkt_rx_err = 0
# UVM_INFO ../src/tb/in_mon.sv(76) @ 42000: uvm_test_top.xgemac_env_h.in_agent_h.in_mon_h [in_mon] [IN MONITOR] pkt_tx_data = 1d36ceeed006004a, pkt_tx_sop = 0, pkt_tx_eop = 0, pkt_tx_val = 1, pkt_tx_mod = 0, pkt_tx_full = 0
# UVM_INFO ../src/tb/in_mon.sv(76) @ 44400: uvm_test_top.xgemac_env_h.in_agent_h.in_mon_h [in_mon] [IN MONITOR] pkt_tx_data = 34f4c5c99e3c1406, pkt_tx_sop = 0, pkt_tx_eop = 0, pkt_tx_val = 1, pkt_tx_mod = 0, pkt_tx_full = 0
# UVM_INFO ../src/tb/out_mon.sv(96) @ 44400: uvm_test_top.xgemac_env_h.out_agent_h.out_mon_h [out_mon] [OUT MONITOR] pkt_rx_avail = 0, pkt_rx_data = 0,  pkt_rx_eop = 0, pkt_rx_val = 0,
#                                         pkt_rx_sop = 0, pkt_rx_mod = 0,pkt_rx_err = 0
# UVM_INFO ../src/tb/wish_mon.sv(59) @ 45000: uvm_test_top.xgemac_env_h.wish_agent_h.wish_mon_h [wish_mon] [WISHBONE MONITOR READ TASK] read_address = 0, read_data = 1
# ------------------------------------------------------ 
# UVM_INFO ../src/tb/wish_drv.sv(58) @ 45000: uvm_test_top.xgemac_env_h.wish_agent_h.wish_drv_h [wish_drv] [WISHBONE DRIVER READ TASK] read_address = 10
# ------------------------------------------------------ 
# UVM_INFO ../src/tb/out_mon.sv(96) @ 46800: uvm_test_top.xgemac_env_h.out_agent_h.out_mon_h [out_mon] [OUT MONITOR] pkt_rx_avail = 0, pkt_rx_data = 0,  pkt_rx_eop = 0, pkt_rx_val = 0,
#                                         pkt_rx_sop = 0, pkt_rx_mod = 0,pkt_rx_err = 0
# UVM_INFO ../src/tb/in_mon.sv(76) @ 46800: uvm_test_top.xgemac_env_h.in_agent_h.in_mon_h [in_mon] [IN MONITOR] pkt_tx_data = 816890ddeca1e635, pkt_tx_sop = 0, pkt_tx_eop = 0, pkt_tx_val = 1, pkt_tx_mod = 0, pkt_tx_full = 0
# UVM_INFO ../src/tb/in_mon.sv(76) @ 49200: uvm_test_top.xgemac_env_h.in_agent_h.in_mon_h [in_mon] [IN MONITOR] pkt_tx_data = a380ef01d97dd63e, pkt_tx_sop = 0, pkt_tx_eop = 0, pkt_tx_val = 1, pkt_tx_mod = 0, pkt_tx_full = 0
# UVM_INFO ../src/tb/out_mon.sv(96) @ 49200: uvm_test_top.xgemac_env_h.out_agent_h.out_mon_h [out_mon] [OUT MONITOR] pkt_rx_avail = 0, pkt_rx_data = 0,  pkt_rx_eop = 0, pkt_rx_val = 0,
#                                         pkt_rx_sop = 0, pkt_rx_mod = 0,pkt_rx_err = 0
# UVM_INFO ../src/tb/out_mon.sv(96) @ 51600: uvm_test_top.xgemac_env_h.out_agent_h.out_mon_h [out_mon] [OUT MONITOR] pkt_rx_avail = 0, pkt_rx_data = 0,  pkt_rx_eop = 0, pkt_rx_val = 0,
#                                         pkt_rx_sop = 0, pkt_rx_mod = 0,pkt_rx_err = 0
# UVM_INFO ../src/tb/in_mon.sv(76) @ 51600: uvm_test_top.xgemac_env_h.in_agent_h.in_mon_h [in_mon] [IN MONITOR] pkt_tx_data = db640d1ca9fc98b9, pkt_tx_sop = 0, pkt_tx_eop = 0, pkt_tx_val = 1, pkt_tx_mod = 0, pkt_tx_full = 0
# UVM_INFO ../src/tb/in_mon.sv(76) @ 54000: uvm_test_top.xgemac_env_h.in_agent_h.in_mon_h [in_mon] [IN MONITOR] pkt_tx_data = c6a99e0f8fe8d2ba, pkt_tx_sop = 0, pkt_tx_eop = 0, pkt_tx_val = 1, pkt_tx_mod = 0, pkt_tx_full = 0
# UVM_INFO ../src/tb/out_mon.sv(96) @ 54000: uvm_test_top.xgemac_env_h.out_agent_h.out_mon_h [out_mon] [OUT MONITOR] pkt_rx_avail = 0, pkt_rx_data = 0,  pkt_rx_eop = 0, pkt_rx_val = 0,
#                                         pkt_rx_sop = 0, pkt_rx_mod = 0,pkt_rx_err = 0
# UVM_INFO ../src/tb/wish_mon.sv(59) @ 55000: uvm_test_top.xgemac_env_h.wish_agent_h.wish_mon_h [wish_mon] [WISHBONE MONITOR READ TASK] read_address = 8, read_data = 0
# ------------------------------------------------------ 
# UVM_INFO ../src/tb/wish_drv.sv(58) @ 55000: uvm_test_top.xgemac_env_h.wish_agent_h.wish_drv_h [wish_drv] [WISHBONE DRIVER READ TASK] read_address = c
# ------------------------------------------------------ 
# UVM_INFO ../src/tb/out_mon.sv(96) @ 56400: uvm_test_top.xgemac_env_h.out_agent_h.out_mon_h [out_mon] [OUT MONITOR] pkt_rx_avail = 0, pkt_rx_data = 0,  pkt_rx_eop = 0, pkt_rx_val = 0,
#                                         pkt_rx_sop = 0, pkt_rx_mod = 0,pkt_rx_err = 0
# UVM_INFO ../src/tb/in_mon.sv(76) @ 56400: uvm_test_top.xgemac_env_h.in_agent_h.in_mon_h [in_mon] [IN MONITOR] pkt_tx_data = 95b9210ea9121164, pkt_tx_sop = 0, pkt_tx_eop = 0, pkt_tx_val = 1, pkt_tx_mod = 0, pkt_tx_full = 0
# UVM_INFO ../src/tb/in_mon.sv(76) @ 58800: uvm_test_top.xgemac_env_h.in_agent_h.in_mon_h [in_mon] [IN MONITOR] pkt_tx_data = 781d1694c3b93b47, pkt_tx_sop = 0, pkt_tx_eop = 0, pkt_tx_val = 1, pkt_tx_mod = 0, pkt_tx_full = 0
# UVM_INFO ../src/tb/out_mon.sv(96) @ 58800: uvm_test_top.xgemac_env_h.out_agent_h.out_mon_h [out_mon] [OUT MONITOR] pkt_rx_avail = 0, pkt_rx_data = 0,  pkt_rx_eop = 0, pkt_rx_val = 0,
#                                         pkt_rx_sop = 0, pkt_rx_mod = 0,pkt_rx_err = 0
# UVM_INFO ../src/tb/out_mon.sv(96) @ 61200: uvm_test_top.xgemac_env_h.out_agent_h.out_mon_h [out_mon] [OUT MONITOR] pkt_rx_avail = 0, pkt_rx_data = 0,  pkt_rx_eop = 0, pkt_rx_val = 0,
#                                         pkt_rx_sop = 0, pkt_rx_mod = 0,pkt_rx_err = 0
# UVM_INFO ../src/tb/in_mon.sv(76) @ 61200: uvm_test_top.xgemac_env_h.in_agent_h.in_mon_h [in_mon] [IN MONITOR] pkt_tx_data = 7ea773924dee423a, pkt_tx_sop = 0, pkt_tx_eop = 0, pkt_tx_val = 1, pkt_tx_mod = 0, pkt_tx_full = 0
# UVM_INFO ../src/tb/in_mon.sv(76) @ 63600: uvm_test_top.xgemac_env_h.in_agent_h.in_mon_h [in_mon] [IN MONITOR] pkt_tx_data = 1fc3e22684ad3718, pkt_tx_sop = 0, pkt_tx_eop = 0, pkt_tx_val = 1, pkt_tx_mod = 0, pkt_tx_full = 0
# UVM_INFO ../src/tb/out_mon.sv(96) @ 63600: uvm_test_top.xgemac_env_h.out_agent_h.out_mon_h [out_mon] [OUT MONITOR] pkt_rx_avail = 0, pkt_rx_data = 0,  pkt_rx_eop = 0, pkt_rx_val = 0,
#                                         pkt_rx_sop = 0, pkt_rx_mod = 0,pkt_rx_err = 0
# UVM_INFO ../src/tb/wish_mon.sv(59) @ 65000: uvm_test_top.xgemac_env_h.wish_agent_h.wish_mon_h [wish_mon] [WISHBONE MONITOR READ TASK] read_address = 10, read_data = 0
# ------------------------------------------------------ 
# UVM_INFO ../src/tb/wish_drv.sv(58) @ 65000: uvm_test_top.xgemac_env_h.wish_agent_h.wish_drv_h [wish_drv] [WISHBONE DRIVER READ TASK] read_address = 80
# ------------------------------------------------------ 
# UVM_INFO ../src/tb/out_mon.sv(96) @ 66000: uvm_test_top.xgemac_env_h.out_agent_h.out_mon_h [out_mon] [OUT MONITOR] pkt_rx_avail = 0, pkt_rx_data = 0,  pkt_rx_eop = 0, pkt_rx_val = 0,
#                                         pkt_rx_sop = 0, pkt_rx_mod = 0,pkt_rx_err = 0
# UVM_INFO ../src/tb/in_mon.sv(76) @ 66000: uvm_test_top.xgemac_env_h.in_agent_h.in_mon_h [in_mon] [IN MONITOR] pkt_tx_data = ab3bcc9bcdf66459, pkt_tx_sop = 0, pkt_tx_eop = 0, pkt_tx_val = 1, pkt_tx_mod = 0, pkt_tx_full = 0
# UVM_INFO ../src/tb/in_mon.sv(76) @ 68400: uvm_test_top.xgemac_env_h.in_agent_h.in_mon_h [in_mon] [IN MONITOR] pkt_tx_data = db164403cc142773, pkt_tx_sop = 0, pkt_tx_eop = 0, pkt_tx_val = 1, pkt_tx_mod = 0, pkt_tx_full = 0
# UVM_INFO ../src/tb/out_mon.sv(96) @ 68400: uvm_test_top.xgemac_env_h.out_agent_h.out_mon_h [out_mon] [OUT MONITOR] pkt_rx_avail = 0, pkt_rx_data = 0,  pkt_rx_eop = 0, pkt_rx_val = 0,
#                                         pkt_rx_sop = 0, pkt_rx_mod = 0,pkt_rx_err = 0
# UVM_INFO ../src/tb/out_mon.sv(96) @ 70800: uvm_test_top.xgemac_env_h.out_agent_h.out_mon_h [out_mon] [OUT MONITOR] pkt_rx_avail = 0, pkt_rx_data = 0,  pkt_rx_eop = 0, pkt_rx_val = 0,
#                                         pkt_rx_sop = 0, pkt_rx_mod = 0,pkt_rx_err = 0
# UVM_INFO ../src/tb/in_mon.sv(76) @ 70800: uvm_test_top.xgemac_env_h.in_agent_h.in_mon_h [in_mon] [IN MONITOR] pkt_tx_data = 7470a3a5db21cc0, pkt_tx_sop = 0, pkt_tx_eop = 0, pkt_tx_val = 1, pkt_tx_mod = 0, pkt_tx_full = 0
# UVM_INFO ../src/tb/in_mon.sv(76) @ 73200: uvm_test_top.xgemac_env_h.in_agent_h.in_mon_h [in_mon] [IN MONITOR] pkt_tx_data = 79594cacf1d4a6fb, pkt_tx_sop = 0, pkt_tx_eop = 0, pkt_tx_val = 1, pkt_tx_mod = 0, pkt_tx_full = 0
# UVM_INFO ../src/tb/out_mon.sv(96) @ 73200: uvm_test_top.xgemac_env_h.out_agent_h.out_mon_h [out_mon] [OUT MONITOR] pkt_rx_avail = 0, pkt_rx_data = 0,  pkt_rx_eop = 0, pkt_rx_val = 0,
#                                         pkt_rx_sop = 0, pkt_rx_mod = 0,pkt_rx_err = 0
# UVM_INFO ../src/tb/wish_mon.sv(59) @ 75000: uvm_test_top.xgemac_env_h.wish_agent_h.wish_mon_h [wish_mon] [WISHBONE MONITOR READ TASK] read_address = c, read_data = 0
# ------------------------------------------------------ 
# UVM_INFO ../src/tb/wish_drv.sv(58) @ 75000: uvm_test_top.xgemac_env_h.wish_agent_h.wish_drv_h [wish_drv] [WISHBONE DRIVER READ TASK] read_address = 84
# ------------------------------------------------------ 
# UVM_INFO ../src/tb/out_mon.sv(96) @ 75600: uvm_test_top.xgemac_env_h.out_agent_h.out_mon_h [out_mon] [OUT MONITOR] pkt_rx_avail = 0, pkt_rx_data = 0,  pkt_rx_eop = 0, pkt_rx_val = 0,
#                                         pkt_rx_sop = 0, pkt_rx_mod = 0,pkt_rx_err = 0
# UVM_INFO ../src/tb/in_mon.sv(76) @ 75600: uvm_test_top.xgemac_env_h.in_agent_h.in_mon_h [in_mon] [IN MONITOR] pkt_tx_data = e65880fd8ca936c, pkt_tx_sop = 0, pkt_tx_eop = 0, pkt_tx_val = 1, pkt_tx_mod = 0, pkt_tx_full = 0
# UVM_INFO ../src/tb/in_mon.sv(76) @ 78000: uvm_test_top.xgemac_env_h.in_agent_h.in_mon_h [in_mon] [IN MONITOR] pkt_tx_data = 49acf8c658349021, pkt_tx_sop = 0, pkt_tx_eop = 0, pkt_tx_val = 1, pkt_tx_mod = 0, pkt_tx_full = 0
# UVM_INFO ../src/tb/out_mon.sv(96) @ 78000: uvm_test_top.xgemac_env_h.out_agent_h.out_mon_h [out_mon] [OUT MONITOR] pkt_rx_avail = 0, pkt_rx_data = 0,  pkt_rx_eop = 0, pkt_rx_val = 0,
#                                         pkt_rx_sop = 0, pkt_rx_mod = 0,pkt_rx_err = 0
# UVM_INFO ../src/tb/out_mon.sv(96) @ 80400: uvm_test_top.xgemac_env_h.out_agent_h.out_mon_h [out_mon] [OUT MONITOR] pkt_rx_avail = 0, pkt_rx_data = 0,  pkt_rx_eop = 0, pkt_rx_val = 0,
#                                         pkt_rx_sop = 0, pkt_rx_mod = 0,pkt_rx_err = 0
# UVM_INFO ../src/tb/in_mon.sv(76) @ 80400: uvm_test_top.xgemac_env_h.in_agent_h.in_mon_h [in_mon] [IN MONITOR] pkt_tx_data = a5edfabc71e46fa4, pkt_tx_sop = 0, pkt_tx_eop = 0, pkt_tx_val = 1, pkt_tx_mod = 0, pkt_tx_full = 0
# UVM_INFO ../src/tb/in_mon.sv(76) @ 82800: uvm_test_top.xgemac_env_h.in_agent_h.in_mon_h [in_mon] [IN MONITOR] pkt_tx_data = f46e7ae3b32b6b1, pkt_tx_sop = 0, pkt_tx_eop = 0, pkt_tx_val = 1, pkt_tx_mod = 0, pkt_tx_full = 0
# UVM_INFO ../src/tb/out_mon.sv(96) @ 82800: uvm_test_top.xgemac_env_h.out_agent_h.out_mon_h [out_mon] [OUT MONITOR] pkt_rx_avail = 0, pkt_rx_data = 0,  pkt_rx_eop = 0, pkt_rx_val = 0,
#                                         pkt_rx_sop = 0, pkt_rx_mod = 0,pkt_rx_err = 0
# UVM_INFO ../src/tb/wish_mon.sv(59) @ 85000: uvm_test_top.xgemac_env_h.wish_agent_h.wish_mon_h [wish_mon] [WISHBONE MONITOR READ TASK] read_address = 80, read_data = 0
# ------------------------------------------------------ 
# UVM_INFO ../src/tb/wish_drv.sv(58) @ 85000: uvm_test_top.xgemac_env_h.wish_agent_h.wish_drv_h [wish_drv] [WISHBONE DRIVER READ TASK] read_address = 90
# ------------------------------------------------------ 
# UVM_INFO ../src/tb/out_mon.sv(96) @ 85200: uvm_test_top.xgemac_env_h.out_agent_h.out_mon_h [out_mon] [OUT MONITOR] pkt_rx_avail = 0, pkt_rx_data = 0,  pkt_rx_eop = 0, pkt_rx_val = 0,
#                                         pkt_rx_sop = 0, pkt_rx_mod = 0,pkt_rx_err = 0
# UVM_INFO ../src/tb/in_mon.sv(76) @ 85200: uvm_test_top.xgemac_env_h.in_agent_h.in_mon_h [in_mon] [IN MONITOR] pkt_tx_data = 4d8b7a6561ca4f83, pkt_tx_sop = 0, pkt_tx_eop = 0, pkt_tx_val = 1, pkt_tx_mod = 0, pkt_tx_full = 0
# UVM_INFO ../src/tb/in_mon.sv(76) @ 87600: uvm_test_top.xgemac_env_h.in_agent_h.in_mon_h [in_mon] [IN MONITOR] pkt_tx_data = 775604a05d897a19, pkt_tx_sop = 0, pkt_tx_eop = 0, pkt_tx_val = 1, pkt_tx_mod = 0, pkt_tx_full = 0
# UVM_INFO ../src/tb/out_mon.sv(96) @ 87600: uvm_test_top.xgemac_env_h.out_agent_h.out_mon_h [out_mon] [OUT MONITOR] pkt_rx_avail = 0, pkt_rx_data = 0,  pkt_rx_eop = 0, pkt_rx_val = 0,
#                                         pkt_rx_sop = 0, pkt_rx_mod = 0,pkt_rx_err = 0
# UVM_INFO ../src/tb/out_mon.sv(96) @ 90000: uvm_test_top.xgemac_env_h.out_agent_h.out_mon_h [out_mon] [OUT MONITOR] pkt_rx_avail = 0, pkt_rx_data = 0,  pkt_rx_eop = 0, pkt_rx_val = 0,
#                                         pkt_rx_sop = 0, pkt_rx_mod = 0,pkt_rx_err = 0
# UVM_INFO ../src/tb/in_mon.sv(76) @ 90000: uvm_test_top.xgemac_env_h.in_agent_h.in_mon_h [in_mon] [IN MONITOR] pkt_tx_data = 72bf1cd89137f2fb, pkt_tx_sop = 0, pkt_tx_eop = 0, pkt_tx_val = 1, pkt_tx_mod = 0, pkt_tx_full = 0
# UVM_INFO ../src/tb/in_mon.sv(76) @ 92400: uvm_test_top.xgemac_env_h.in_agent_h.in_mon_h [in_mon] [IN MONITOR] pkt_tx_data = 3740567e426bf3fe, pkt_tx_sop = 0, pkt_tx_eop = 0, pkt_tx_val = 1, pkt_tx_mod = 0, pkt_tx_full = 0
# UVM_INFO ../src/tb/out_mon.sv(96) @ 92400: uvm_test_top.xgemac_env_h.out_agent_h.out_mon_h [out_mon] [OUT MONITOR] pkt_rx_avail = 0, pkt_rx_data = 0,  pkt_rx_eop = 0, pkt_rx_val = 0,
#                                         pkt_rx_sop = 0, pkt_rx_mod = 0,pkt_rx_err = 0
# UVM_INFO ../src/tb/out_mon.sv(96) @ 94800: uvm_test_top.xgemac_env_h.out_agent_h.out_mon_h [out_mon] [OUT MONITOR] pkt_rx_avail = 0, pkt_rx_data = 0,  pkt_rx_eop = 0, pkt_rx_val = 0,
#                                         pkt_rx_sop = 0, pkt_rx_mod = 0,pkt_rx_err = 0
# UVM_INFO ../src/tb/in_mon.sv(76) @ 94800: uvm_test_top.xgemac_env_h.in_agent_h.in_mon_h [in_mon] [IN MONITOR] pkt_tx_data = 6a6160d881c1139f, pkt_tx_sop = 0, pkt_tx_eop = 0, pkt_tx_val = 1, pkt_tx_mod = 0, pkt_tx_full = 0
# UVM_INFO ../src/tb/wish_mon.sv(59) @ 95000: uvm_test_top.xgemac_env_h.wish_agent_h.wish_mon_h [wish_mon] [WISHBONE MONITOR READ TASK] read_address = 84, read_data = 0
# ------------------------------------------------------ 
# UVM_INFO ../src/tb/wish_drv.sv(58) @ 95000: uvm_test_top.xgemac_env_h.wish_agent_h.wish_drv_h [wish_drv] [WISHBONE DRIVER READ TASK] read_address = 94
# ------------------------------------------------------ 
# UVM_INFO ../src/tb/in_mon.sv(76) @ 97200: uvm_test_top.xgemac_env_h.in_agent_h.in_mon_h [in_mon] [IN MONITOR] pkt_tx_data = b9e250d281244243, pkt_tx_sop = 0, pkt_tx_eop = 0, pkt_tx_val = 1, pkt_tx_mod = 0, pkt_tx_full = 0
# UVM_INFO ../src/tb/out_mon.sv(96) @ 97200: uvm_test_top.xgemac_env_h.out_agent_h.out_mon_h [out_mon] [OUT MONITOR] pkt_rx_avail = 0, pkt_rx_data = 0,  pkt_rx_eop = 0, pkt_rx_val = 0,
#                                         pkt_rx_sop = 0, pkt_rx_mod = 0,pkt_rx_err = 0
# UVM_INFO ../src/tb/out_mon.sv(96) @ 99600: uvm_test_top.xgemac_env_h.out_agent_h.out_mon_h [out_mon] [OUT MONITOR] pkt_rx_avail = 0, pkt_rx_data = 0,  pkt_rx_eop = 0, pkt_rx_val = 0,
#                                         pkt_rx_sop = 0, pkt_rx_mod = 0,pkt_rx_err = 0
# UVM_INFO ../src/tb/in_mon.sv(76) @ 99600: uvm_test_top.xgemac_env_h.in_agent_h.in_mon_h [in_mon] [IN MONITOR] pkt_tx_data = 9c36e7763814cc95, pkt_tx_sop = 0, pkt_tx_eop = 0, pkt_tx_val = 1, pkt_tx_mod = 0, pkt_tx_full = 0
# UVM_INFO ../src/tb/in_mon.sv(76) @ 102000: uvm_test_top.xgemac_env_h.in_agent_h.in_mon_h [in_mon] [IN MONITOR] pkt_tx_data = ad46022665a6903, pkt_tx_sop = 0, pkt_tx_eop = 0, pkt_tx_val = 1, pkt_tx_mod = 0, pkt_tx_full = 0
# UVM_INFO ../src/tb/out_mon.sv(96) @ 102000: uvm_test_top.xgemac_env_h.out_agent_h.out_mon_h [out_mon] [OUT MONITOR] pkt_rx_avail = 0, pkt_rx_data = 0,  pkt_rx_eop = 0, pkt_rx_val = 0,
#                                         pkt_rx_sop = 0, pkt_rx_mod = 0,pkt_rx_err = 0
# UVM_INFO ../src/tb/out_mon.sv(96) @ 104400: uvm_test_top.xgemac_env_h.out_agent_h.out_mon_h [out_mon] [OUT MONITOR] pkt_rx_avail = 0, pkt_rx_data = 0,  pkt_rx_eop = 0, pkt_rx_val = 0,
#                                         pkt_rx_sop = 0, pkt_rx_mod = 0,pkt_rx_err = 0
# UVM_INFO ../src/tb/in_mon.sv(76) @ 104400: uvm_test_top.xgemac_env_h.in_agent_h.in_mon_h [in_mon] [IN MONITOR] pkt_tx_data = dad7748a12218ecc, pkt_tx_sop = 0, pkt_tx_eop = 0, pkt_tx_val = 1, pkt_tx_mod = 0, pkt_tx_full = 0
# UVM_INFO ../src/tb/wish_mon.sv(59) @ 105000: uvm_test_top.xgemac_env_h.wish_agent_h.wish_mon_h [wish_mon] [WISHBONE MONITOR READ TASK] read_address = 90, read_data = 0
# ------------------------------------------------------ 
# UVM_INFO ../src/tb/in_mon.sv(76) @ 106800: uvm_test_top.xgemac_env_h.in_agent_h.in_mon_h [in_mon] [IN MONITOR] pkt_tx_data = 611b8124a892ebab, pkt_tx_sop = 0, pkt_tx_eop = 0, pkt_tx_val = 1, pkt_tx_mod = 0, pkt_tx_full = 0
# UVM_INFO ../src/tb/out_mon.sv(96) @ 106800: uvm_test_top.xgemac_env_h.out_agent_h.out_mon_h [out_mon] [OUT MONITOR] pkt_rx_avail = 0, pkt_rx_data = 0,  pkt_rx_eop = 0, pkt_rx_val = 0,
#                                         pkt_rx_sop = 0, pkt_rx_mod = 0,pkt_rx_err = 0
# UVM_INFO ../src/tb/out_mon.sv(96) @ 109200: uvm_test_top.xgemac_env_h.out_agent_h.out_mon_h [out_mon] [OUT MONITOR] pkt_rx_avail = 0, pkt_rx_data = 0,  pkt_rx_eop = 0, pkt_rx_val = 0,
#                                         pkt_rx_sop = 0, pkt_rx_mod = 0,pkt_rx_err = 0
# UVM_INFO ../src/tb/in_mon.sv(76) @ 109200: uvm_test_top.xgemac_env_h.in_agent_h.in_mon_h [in_mon] [IN MONITOR] pkt_tx_data = 58824dd477597efc, pkt_tx_sop = 0, pkt_tx_eop = 0, pkt_tx_val = 1, pkt_tx_mod = 0, pkt_tx_full = 0
# UVM_INFO ../src/tb/in_mon.sv(76) @ 111600: uvm_test_top.xgemac_env_h.in_agent_h.in_mon_h [in_mon] [IN MONITOR] pkt_tx_data = ced92d401905aa2f, pkt_tx_sop = 0, pkt_tx_eop = 0, pkt_tx_val = 1, pkt_tx_mod = 0, pkt_tx_full = 0
# UVM_INFO ../src/tb/out_mon.sv(96) @ 111600: uvm_test_top.xgemac_env_h.out_agent_h.out_mon_h [out_mon] [OUT MONITOR] pkt_rx_avail = 1, pkt_rx_data = 0,  pkt_rx_eop = 0, pkt_rx_val = 0,
#                                         pkt_rx_sop = 0, pkt_rx_mod = 0,pkt_rx_err = 0
# UVM_INFO ../src/tb/out_mon.sv(96) @ 114000: uvm_test_top.xgemac_env_h.out_agent_h.out_mon_h [out_mon] [OUT MONITOR] pkt_rx_avail = 1, pkt_rx_data = 0,  pkt_rx_eop = 0, pkt_rx_val = 0,
#                                         pkt_rx_sop = 0, pkt_rx_mod = 0,pkt_rx_err = 0
# UVM_INFO ../src/tb/in_mon.sv(76) @ 114000: uvm_test_top.xgemac_env_h.in_agent_h.in_mon_h [in_mon] [IN MONITOR] pkt_tx_data = fa6dfd37d2feb3ec, pkt_tx_sop = 0, pkt_tx_eop = 0, pkt_tx_val = 1, pkt_tx_mod = 0, pkt_tx_full = 0
# UVM_INFO ../src/tb/wish_mon.sv(59) @ 115000: uvm_test_top.xgemac_env_h.wish_agent_h.wish_mon_h [wish_mon] [WISHBONE MONITOR READ TASK] read_address = 94, read_data = 0
# ------------------------------------------------------ 
# UVM_INFO ../src/tb/in_mon.sv(76) @ 116400: uvm_test_top.xgemac_env_h.in_agent_h.in_mon_h [in_mon] [IN MONITOR] pkt_tx_data = 3f3f4645235a0223, pkt_tx_sop = 0, pkt_tx_eop = 0, pkt_tx_val = 1, pkt_tx_mod = 0, pkt_tx_full = 0
# UVM_INFO ../src/tb/out_mon.sv(96) @ 116400: uvm_test_top.xgemac_env_h.out_agent_h.out_mon_h [out_mon] [OUT MONITOR] pkt_rx_avail = 1, pkt_rx_data = 0,  pkt_rx_eop = 0, pkt_rx_val = 0,
#                                         pkt_rx_sop = 0, pkt_rx_mod = 0,pkt_rx_err = 0
# UVM_INFO ../src/tb/out_mon.sv(96) @ 118800: uvm_test_top.xgemac_env_h.out_agent_h.out_mon_h [out_mon] [OUT MONITOR] pkt_rx_avail = 1, pkt_rx_data = 0,  pkt_rx_eop = 0, pkt_rx_val = 0,
#                                         pkt_rx_sop = 0, pkt_rx_mod = 0,pkt_rx_err = 0
# UVM_INFO ../src/tb/in_mon.sv(76) @ 118800: uvm_test_top.xgemac_env_h.in_agent_h.in_mon_h [in_mon] [IN MONITOR] pkt_tx_data = c2ff4eeb0fb44bf3, pkt_tx_sop = 0, pkt_tx_eop = 0, pkt_tx_val = 1, pkt_tx_mod = 0, pkt_tx_full = 0
# UVM_INFO ../src/tb/in_mon.sv(76) @ 121200: uvm_test_top.xgemac_env_h.in_agent_h.in_mon_h [in_mon] [IN MONITOR] pkt_tx_data = f62fd440a13b559e, pkt_tx_sop = 0, pkt_tx_eop = 0, pkt_tx_val = 1, pkt_tx_mod = 0, pkt_tx_full = 0
# UVM_INFO ../src/tb/out_mon.sv(96) @ 121200: uvm_test_top.xgemac_env_h.out_agent_h.out_mon_h [out_mon] [OUT MONITOR] pkt_rx_avail = 1, pkt_rx_data = 0,  pkt_rx_eop = 0, pkt_rx_val = 0,
#                                         pkt_rx_sop = 0, pkt_rx_mod = 0,pkt_rx_err = 0
# UVM_INFO ../src/tb/out_mon.sv(96) @ 123600: uvm_test_top.xgemac_env_h.out_agent_h.out_mon_h [out_mon] [OUT MONITOR] pkt_rx_avail = 1, pkt_rx_data = 0,  pkt_rx_eop = 0, pkt_rx_val = 0,
#                                         pkt_rx_sop = 0, pkt_rx_mod = 0,pkt_rx_err = 0
# UVM_INFO ../src/tb/in_mon.sv(76) @ 123600: uvm_test_top.xgemac_env_h.in_agent_h.in_mon_h [in_mon] [IN MONITOR] pkt_tx_data = 72767cc531cb3335, pkt_tx_sop = 0, pkt_tx_eop = 0, pkt_tx_val = 1, pkt_tx_mod = 0, pkt_tx_full = 0
# UVM_INFO ../src/tb/wish_mon.sv(59) @ 125000: uvm_test_top.xgemac_env_h.wish_agent_h.wish_mon_h [wish_mon] [WISHBONE MONITOR READ TASK] read_address = 94, read_data = 0
# ------------------------------------------------------ 
# UVM_INFO ../src/tb/in_mon.sv(76) @ 126000: uvm_test_top.xgemac_env_h.in_agent_h.in_mon_h [in_mon] [IN MONITOR] pkt_tx_data = c65f65a1cd75f76f, pkt_tx_sop = 0, pkt_tx_eop = 0, pkt_tx_val = 1, pkt_tx_mod = 0, pkt_tx_full = 0
# UVM_INFO ../src/tb/out_mon.sv(96) @ 126000: uvm_test_top.xgemac_env_h.out_agent_h.out_mon_h [out_mon] [OUT MONITOR] pkt_rx_avail = 1, pkt_rx_data = 0,  pkt_rx_eop = 0, pkt_rx_val = 0,
#                                         pkt_rx_sop = 0, pkt_rx_mod = 0,pkt_rx_err = 0
# UVM_INFO ../src/tb/out_mon.sv(96) @ 128400: uvm_test_top.xgemac_env_h.out_agent_h.out_mon_h [out_mon] [OUT MONITOR] pkt_rx_avail = 1, pkt_rx_data = 0,  pkt_rx_eop = 0, pkt_rx_val = 0,
#                                         pkt_rx_sop = 0, pkt_rx_mod = 0,pkt_rx_err = 0
# UVM_INFO ../src/tb/in_mon.sv(76) @ 128400: uvm_test_top.xgemac_env_h.in_agent_h.in_mon_h [in_mon] [IN MONITOR] pkt_tx_data = c952959f57426c33, pkt_tx_sop = 0, pkt_tx_eop = 0, pkt_tx_val = 1, pkt_tx_mod = 0, pkt_tx_full = 0
# UVM_INFO ../src/tb/in_mon.sv(76) @ 130800: uvm_test_top.xgemac_env_h.in_agent_h.in_mon_h [in_mon] [IN MONITOR] pkt_tx_data = caa57464edcf67a9, pkt_tx_sop = 0, pkt_tx_eop = 0, pkt_tx_val = 1, pkt_tx_mod = 0, pkt_tx_full = 0
# UVM_INFO ../src/tb/out_mon.sv(96) @ 130800: uvm_test_top.xgemac_env_h.out_agent_h.out_mon_h [out_mon] [OUT MONITOR] pkt_rx_avail = 1, pkt_rx_data = 0,  pkt_rx_eop = 0, pkt_rx_val = 0,
#                                         pkt_rx_sop = 0, pkt_rx_mod = 0,pkt_rx_err = 0
# UVM_INFO ../src/tb/out_mon.sv(96) @ 133200: uvm_test_top.xgemac_env_h.out_agent_h.out_mon_h [out_mon] [OUT MONITOR] pkt_rx_avail = 1, pkt_rx_data = 0,  pkt_rx_eop = 0, pkt_rx_val = 0,
#                                         pkt_rx_sop = 0, pkt_rx_mod = 0,pkt_rx_err = 0
# UVM_INFO ../src/tb/in_mon.sv(76) @ 133200: uvm_test_top.xgemac_env_h.in_agent_h.in_mon_h [in_mon] [IN MONITOR] pkt_tx_data = c15cd38ca10d878a, pkt_tx_sop = 0, pkt_tx_eop = 0, pkt_tx_val = 1, pkt_tx_mod = 0, pkt_tx_full = 0
# UVM_INFO ../src/tb/wish_mon.sv(59) @ 135000: uvm_test_top.xgemac_env_h.wish_agent_h.wish_mon_h [wish_mon] [WISHBONE MONITOR READ TASK] read_address = 94, read_data = 0
# ------------------------------------------------------ 
# UVM_INFO ../src/tb/in_mon.sv(76) @ 135600: uvm_test_top.xgemac_env_h.in_agent_h.in_mon_h [in_mon] [IN MONITOR] pkt_tx_data = 4f586dfae6ce99bf, pkt_tx_sop = 0, pkt_tx_eop = 0, pkt_tx_val = 1, pkt_tx_mod = 0, pkt_tx_full = 0
# UVM_INFO ../src/tb/out_mon.sv(96) @ 135600: uvm_test_top.xgemac_env_h.out_agent_h.out_mon_h [out_mon] [OUT MONITOR] pkt_rx_avail = 1, pkt_rx_data = 0,  pkt_rx_eop = 0, pkt_rx_val = 0,
#                                         pkt_rx_sop = 0, pkt_rx_mod = 0,pkt_rx_err = 0
# UVM_INFO ../src/tb/out_mon.sv(96) @ 138000: uvm_test_top.xgemac_env_h.out_agent_h.out_mon_h [out_mon] [OUT MONITOR] pkt_rx_avail = 1, pkt_rx_data = 0,  pkt_rx_eop = 0, pkt_rx_val = 0,
#                                         pkt_rx_sop = 0, pkt_rx_mod = 0,pkt_rx_err = 0
# UVM_INFO ../src/tb/in_mon.sv(76) @ 138000: uvm_test_top.xgemac_env_h.in_agent_h.in_mon_h [in_mon] [IN MONITOR] pkt_tx_data = 2bf03073e24e224, pkt_tx_sop = 0, pkt_tx_eop = 0, pkt_tx_val = 1, pkt_tx_mod = 0, pkt_tx_full = 0
# UVM_INFO ../src/tb/in_mon.sv(76) @ 140400: uvm_test_top.xgemac_env_h.in_agent_h.in_mon_h [in_mon] [IN MONITOR] pkt_tx_data = b33cfcf57539ae75, pkt_tx_sop = 0, pkt_tx_eop = 0, pkt_tx_val = 1, pkt_tx_mod = 0, pkt_tx_full = 0
# UVM_INFO ../src/tb/out_mon.sv(96) @ 140400: uvm_test_top.xgemac_env_h.out_agent_h.out_mon_h [out_mon] [OUT MONITOR] pkt_rx_avail = 1, pkt_rx_data = 0,  pkt_rx_eop = 0, pkt_rx_val = 0,
#                                         pkt_rx_sop = 0, pkt_rx_mod = 0,pkt_rx_err = 0
# UVM_INFO ../src/tb/out_mon.sv(96) @ 142800: uvm_test_top.xgemac_env_h.out_agent_h.out_mon_h [out_mon] [OUT MONITOR] pkt_rx_avail = 1, pkt_rx_data = 0,  pkt_rx_eop = 0, pkt_rx_val = 0,
#                                         pkt_rx_sop = 0, pkt_rx_mod = 0,pkt_rx_err = 0
# UVM_INFO ../src/tb/in_mon.sv(76) @ 142800: uvm_test_top.xgemac_env_h.in_agent_h.in_mon_h [in_mon] [IN MONITOR] pkt_tx_data = 7d22e0ee5f9106d3, pkt_tx_sop = 0, pkt_tx_eop = 0, pkt_tx_val = 1, pkt_tx_mod = 0, pkt_tx_full = 0
# UVM_INFO ../src/tb/wish_mon.sv(59) @ 145000: uvm_test_top.xgemac_env_h.wish_agent_h.wish_mon_h [wish_mon] [WISHBONE MONITOR READ TASK] read_address = 94, read_data = 0
# ------------------------------------------------------ 
# UVM_INFO ../src/tb/in_mon.sv(76) @ 145200: uvm_test_top.xgemac_env_h.in_agent_h.in_mon_h [in_mon] [IN MONITOR] pkt_tx_data = a5a9bdf8528c9534, pkt_tx_sop = 0, pkt_tx_eop = 0, pkt_tx_val = 1, pkt_tx_mod = 0, pkt_tx_full = 0
# UVM_INFO ../src/tb/out_mon.sv(96) @ 145200: uvm_test_top.xgemac_env_h.out_agent_h.out_mon_h [out_mon] [OUT MONITOR] pkt_rx_avail = 1, pkt_rx_data = 0,  pkt_rx_eop = 0, pkt_rx_val = 0,
#                                         pkt_rx_sop = 0, pkt_rx_mod = 0,pkt_rx_err = 0
# UVM_INFO ../src/tb/out_mon.sv(96) @ 147600: uvm_test_top.xgemac_env_h.out_agent_h.out_mon_h [out_mon] [OUT MONITOR] pkt_rx_avail = 1, pkt_rx_data = 0,  pkt_rx_eop = 0, pkt_rx_val = 0,
#                                         pkt_rx_sop = 0, pkt_rx_mod = 0,pkt_rx_err = 0
# UVM_INFO ../src/tb/in_mon.sv(76) @ 147600: uvm_test_top.xgemac_env_h.in_agent_h.in_mon_h [in_mon] [IN MONITOR] pkt_tx_data = e62206a53d9040f1, pkt_tx_sop = 0, pkt_tx_eop = 0, pkt_tx_val = 1, pkt_tx_mod = 0, pkt_tx_full = 0
# UVM_INFO ../src/tb/in_mon.sv(76) @ 150000: uvm_test_top.xgemac_env_h.in_agent_h.in_mon_h [in_mon] [IN MONITOR] pkt_tx_data = 75b51e87f69cef0, pkt_tx_sop = 0, pkt_tx_eop = 0, pkt_tx_val = 1, pkt_tx_mod = 0, pkt_tx_full = 0
# UVM_INFO ../src/tb/out_mon.sv(96) @ 150000: uvm_test_top.xgemac_env_h.out_agent_h.out_mon_h [out_mon] [OUT MONITOR] pkt_rx_avail = 1, pkt_rx_data = 0,  pkt_rx_eop = 0, pkt_rx_val = 0,
#                                         pkt_rx_sop = 0, pkt_rx_mod = 0,pkt_rx_err = 0
# UVM_INFO ../src/tb/out_mon.sv(96) @ 152400: uvm_test_top.xgemac_env_h.out_agent_h.out_mon_h [out_mon] [OUT MONITOR] pkt_rx_avail = 1, pkt_rx_data = 0,  pkt_rx_eop = 0, pkt_rx_val = 0,
#                                         pkt_rx_sop = 0, pkt_rx_mod = 0,pkt_rx_err = 0
# UVM_INFO ../src/tb/in_mon.sv(76) @ 152400: uvm_test_top.xgemac_env_h.in_agent_h.in_mon_h [in_mon] [IN MONITOR] pkt_tx_data = ba36fa69391748e5, pkt_tx_sop = 0, pkt_tx_eop = 0, pkt_tx_val = 1, pkt_tx_mod = 0, pkt_tx_full = 0
# UVM_INFO ../src/tb/in_mon.sv(76) @ 154800: uvm_test_top.xgemac_env_h.in_agent_h.in_mon_h [in_mon] [IN MONITOR] pkt_tx_data = 5e454a17dd12435e, pkt_tx_sop = 0, pkt_tx_eop = 0, pkt_tx_val = 1, pkt_tx_mod = 0, pkt_tx_full = 0
# UVM_INFO ../src/tb/out_mon.sv(96) @ 154800: uvm_test_top.xgemac_env_h.out_agent_h.out_mon_h [out_mon] [OUT MONITOR] pkt_rx_avail = 1, pkt_rx_data = 0,  pkt_rx_eop = 0, pkt_rx_val = 0,
#                                         pkt_rx_sop = 0, pkt_rx_mod = 0,pkt_rx_err = 0
# UVM_INFO ../src/tb/wish_mon.sv(59) @ 155000: uvm_test_top.xgemac_env_h.wish_agent_h.wish_mon_h [wish_mon] [WISHBONE MONITOR READ TASK] read_address = 94, read_data = 0
# ------------------------------------------------------ 
# UVM_INFO ../src/tb/out_mon.sv(96) @ 157200: uvm_test_top.xgemac_env_h.out_agent_h.out_mon_h [out_mon] [OUT MONITOR] pkt_rx_avail = 1, pkt_rx_data = 0,  pkt_rx_eop = 0, pkt_rx_val = 0,
#                                         pkt_rx_sop = 0, pkt_rx_mod = 0,pkt_rx_err = 0
# UVM_INFO ../src/tb/in_mon.sv(76) @ 157200: uvm_test_top.xgemac_env_h.in_agent_h.in_mon_h [in_mon] [IN MONITOR] pkt_tx_data = 852b680127746111, pkt_tx_sop = 0, pkt_tx_eop = 0, pkt_tx_val = 1, pkt_tx_mod = 0, pkt_tx_full = 0
# UVM_INFO ../src/tb/in_mon.sv(76) @ 159600: uvm_test_top.xgemac_env_h.in_agent_h.in_mon_h [in_mon] [IN MONITOR] pkt_tx_data = 47373aecd37867f4, pkt_tx_sop = 0, pkt_tx_eop = 0, pkt_tx_val = 1, pkt_tx_mod = 0, pkt_tx_full = 0
# UVM_INFO ../src/tb/out_mon.sv(96) @ 159600: uvm_test_top.xgemac_env_h.out_agent_h.out_mon_h [out_mon] [OUT MONITOR] pkt_rx_avail = 1, pkt_rx_data = 0,  pkt_rx_eop = 0, pkt_rx_val = 0,
#                                         pkt_rx_sop = 0, pkt_rx_mod = 0,pkt_rx_err = 0
# UVM_INFO ../src/tb/out_mon.sv(96) @ 162000: uvm_test_top.xgemac_env_h.out_agent_h.out_mon_h [out_mon] [OUT MONITOR] pkt_rx_avail = 1, pkt_rx_data = 0,  pkt_rx_eop = 0, pkt_rx_val = 0,
#                                         pkt_rx_sop = 0, pkt_rx_mod = 0,pkt_rx_err = 0
# UVM_INFO ../src/tb/in_mon.sv(76) @ 162000: uvm_test_top.xgemac_env_h.in_agent_h.in_mon_h [in_mon] [IN MONITOR] pkt_tx_data = cca69f8e5c26f4f4, pkt_tx_sop = 0, pkt_tx_eop = 0, pkt_tx_val = 1, pkt_tx_mod = 0, pkt_tx_full = 0
# UVM_INFO ../src/tb/in_mon.sv(76) @ 164400: uvm_test_top.xgemac_env_h.in_agent_h.in_mon_h [in_mon] [IN MONITOR] pkt_tx_data = 2c266d970bb08224, pkt_tx_sop = 0, pkt_tx_eop = 0, pkt_tx_val = 1, pkt_tx_mod = 0, pkt_tx_full = 0
# UVM_INFO ../src/tb/out_mon.sv(96) @ 164400: uvm_test_top.xgemac_env_h.out_agent_h.out_mon_h [out_mon] [OUT MONITOR] pkt_rx_avail = 1, pkt_rx_data = 0,  pkt_rx_eop = 0, pkt_rx_val = 0,
#                                         pkt_rx_sop = 0, pkt_rx_mod = 0,pkt_rx_err = 0
# UVM_INFO ../src/tb/wish_mon.sv(59) @ 165000: uvm_test_top.xgemac_env_h.wish_agent_h.wish_mon_h [wish_mon] [WISHBONE MONITOR READ TASK] read_address = 94, read_data = 0
# ------------------------------------------------------ 
# UVM_INFO ../src/tb/out_mon.sv(96) @ 166800: uvm_test_top.xgemac_env_h.out_agent_h.out_mon_h [out_mon] [OUT MONITOR] pkt_rx_avail = 1, pkt_rx_data = 0,  pkt_rx_eop = 0, pkt_rx_val = 0,
#                                         pkt_rx_sop = 0, pkt_rx_mod = 0,pkt_rx_err = 0
# UVM_INFO ../src/tb/in_mon.sv(76) @ 166800: uvm_test_top.xgemac_env_h.in_agent_h.in_mon_h [in_mon] [IN MONITOR] pkt_tx_data = da565087de8b64ca, pkt_tx_sop = 0, pkt_tx_eop = 0, pkt_tx_val = 1, pkt_tx_mod = 0, pkt_tx_full = 0
# UVM_INFO ../src/tb/in_mon.sv(76) @ 169200: uvm_test_top.xgemac_env_h.in_agent_h.in_mon_h [in_mon] [IN MONITOR] pkt_tx_data = a1e547326dcd0631, pkt_tx_sop = 0, pkt_tx_eop = 0, pkt_tx_val = 1, pkt_tx_mod = 0, pkt_tx_full = 0
# UVM_INFO ../src/tb/out_mon.sv(96) @ 169200: uvm_test_top.xgemac_env_h.out_agent_h.out_mon_h [out_mon] [OUT MONITOR] pkt_rx_avail = 1, pkt_rx_data = 0,  pkt_rx_eop = 0, pkt_rx_val = 0,
#                                         pkt_rx_sop = 0, pkt_rx_mod = 0,pkt_rx_err = 0
# UVM_INFO ../src/tb/out_mon.sv(96) @ 171600: uvm_test_top.xgemac_env_h.out_agent_h.out_mon_h [out_mon] [OUT MONITOR] pkt_rx_avail = 1, pkt_rx_data = 0,  pkt_rx_eop = 0, pkt_rx_val = 0,
#                                         pkt_rx_sop = 0, pkt_rx_mod = 0,pkt_rx_err = 0
# UVM_INFO ../src/tb/in_mon.sv(76) @ 171600: uvm_test_top.xgemac_env_h.in_agent_h.in_mon_h [in_mon] [IN MONITOR] pkt_tx_data = bdc4cbf99188a49d, pkt_tx_sop = 0, pkt_tx_eop = 0, pkt_tx_val = 1, pkt_tx_mod = 0, pkt_tx_full = 0
# UVM_INFO ../src/tb/in_mon.sv(76) @ 174000: uvm_test_top.xgemac_env_h.in_agent_h.in_mon_h [in_mon] [IN MONITOR] pkt_tx_data = a5a30a798380c49f, pkt_tx_sop = 0, pkt_tx_eop = 0, pkt_tx_val = 1, pkt_tx_mod = 0, pkt_tx_full = 0
# UVM_INFO ../src/tb/out_mon.sv(96) @ 174000: uvm_test_top.xgemac_env_h.out_agent_h.out_mon_h [out_mon] [OUT MONITOR] pkt_rx_avail = 1, pkt_rx_data = 0,  pkt_rx_eop = 0, pkt_rx_val = 0,
#                                         pkt_rx_sop = 0, pkt_rx_mod = 0,pkt_rx_err = 0
# UVM_INFO ../src/tb/wish_mon.sv(59) @ 175000: uvm_test_top.xgemac_env_h.wish_agent_h.wish_mon_h [wish_mon] [WISHBONE MONITOR READ TASK] read_address = 94, read_data = 0
# ------------------------------------------------------ 
# UVM_INFO ../src/tb/out_mon.sv(96) @ 176400: uvm_test_top.xgemac_env_h.out_agent_h.out_mon_h [out_mon] [OUT MONITOR] pkt_rx_avail = 1, pkt_rx_data = 0,  pkt_rx_eop = 0, pkt_rx_val = 0,
#                                         pkt_rx_sop = 0, pkt_rx_mod = 0,pkt_rx_err = 0
# UVM_INFO ../src/tb/in_mon.sv(76) @ 176400: uvm_test_top.xgemac_env_h.in_agent_h.in_mon_h [in_mon] [IN MONITOR] pkt_tx_data = 1c941b7a77f3930e, pkt_tx_sop = 0, pkt_tx_eop = 0, pkt_tx_val = 1, pkt_tx_mod = 0, pkt_tx_full = 0
# UVM_INFO ../src/tb/in_mon.sv(76) @ 178800: uvm_test_top.xgemac_env_h.in_agent_h.in_mon_h [in_mon] [IN MONITOR] pkt_tx_data = 9f9df9e8234123f0, pkt_tx_sop = 0, pkt_tx_eop = 0, pkt_tx_val = 1, pkt_tx_mod = 0, pkt_tx_full = 0
# UVM_INFO ../src/tb/out_mon.sv(96) @ 178800: uvm_test_top.xgemac_env_h.out_agent_h.out_mon_h [out_mon] [OUT MONITOR] pkt_rx_avail = 1, pkt_rx_data = 0,  pkt_rx_eop = 0, pkt_rx_val = 0,
#                                         pkt_rx_sop = 0, pkt_rx_mod = 0,pkt_rx_err = 0
# UVM_INFO ../src/tb/out_mon.sv(96) @ 181200: uvm_test_top.xgemac_env_h.out_agent_h.out_mon_h [out_mon] [OUT MONITOR] pkt_rx_avail = 1, pkt_rx_data = 0,  pkt_rx_eop = 0, pkt_rx_val = 0,
#                                         pkt_rx_sop = 0, pkt_rx_mod = 0,pkt_rx_err = 0
# UVM_INFO ../src/tb/in_mon.sv(76) @ 181200: uvm_test_top.xgemac_env_h.in_agent_h.in_mon_h [in_mon] [IN MONITOR] pkt_tx_data = e25f4b0fe29c7a98, pkt_tx_sop = 0, pkt_tx_eop = 0, pkt_tx_val = 1, pkt_tx_mod = 0, pkt_tx_full = 0
# UVM_INFO ../src/tb/in_mon.sv(76) @ 183600: uvm_test_top.xgemac_env_h.in_agent_h.in_mon_h [in_mon] [IN MONITOR] pkt_tx_data = a799976a067bf206, pkt_tx_sop = 0, pkt_tx_eop = 0, pkt_tx_val = 1, pkt_tx_mod = 0, pkt_tx_full = 0
# UVM_INFO ../src/tb/out_mon.sv(96) @ 183600: uvm_test_top.xgemac_env_h.out_agent_h.out_mon_h [out_mon] [OUT MONITOR] pkt_rx_avail = 1, pkt_rx_data = 0,  pkt_rx_eop = 0, pkt_rx_val = 0,
#                                         pkt_rx_sop = 0, pkt_rx_mod = 0,pkt_rx_err = 0
# UVM_INFO ../src/tb/wish_mon.sv(59) @ 185000: uvm_test_top.xgemac_env_h.wish_agent_h.wish_mon_h [wish_mon] [WISHBONE MONITOR READ TASK] read_address = 94, read_data = 0
# ------------------------------------------------------ 
# UVM_INFO ../src/tb/out_mon.sv(96) @ 186000: uvm_test_top.xgemac_env_h.out_agent_h.out_mon_h [out_mon] [OUT MONITOR] pkt_rx_avail = 1, pkt_rx_data = 0,  pkt_rx_eop = 0, pkt_rx_val = 0,
#                                         pkt_rx_sop = 0, pkt_rx_mod = 0,pkt_rx_err = 0
# UVM_INFO ../src/tb/in_mon.sv(76) @ 186000: uvm_test_top.xgemac_env_h.in_agent_h.in_mon_h [in_mon] [IN MONITOR] pkt_tx_data = 826be72f9dfb11f6, pkt_tx_sop = 0, pkt_tx_eop = 0, pkt_tx_val = 1, pkt_tx_mod = 0, pkt_tx_full = 0
# UVM_INFO ../src/tb/in_mon.sv(76) @ 188400: uvm_test_top.xgemac_env_h.in_agent_h.in_mon_h [in_mon] [IN MONITOR] pkt_tx_data = db222e9cd83f3d91, pkt_tx_sop = 0, pkt_tx_eop = 0, pkt_tx_val = 1, pkt_tx_mod = 0, pkt_tx_full = 0
# UVM_INFO ../src/tb/out_mon.sv(96) @ 188400: uvm_test_top.xgemac_env_h.out_agent_h.out_mon_h [out_mon] [OUT MONITOR] pkt_rx_avail = 1, pkt_rx_data = 0,  pkt_rx_eop = 0, pkt_rx_val = 0,
#                                         pkt_rx_sop = 0, pkt_rx_mod = 0,pkt_rx_err = 0
# UVM_INFO ../src/tb/out_mon.sv(96) @ 190800: uvm_test_top.xgemac_env_h.out_agent_h.out_mon_h [out_mon] [OUT MONITOR] pkt_rx_avail = 1, pkt_rx_data = 0,  pkt_rx_eop = 0, pkt_rx_val = 0,
#                                         pkt_rx_sop = 0, pkt_rx_mod = 0,pkt_rx_err = 0
# UVM_INFO ../src/tb/in_mon.sv(76) @ 190800: uvm_test_top.xgemac_env_h.in_agent_h.in_mon_h [in_mon] [IN MONITOR] pkt_tx_data = b8406646fcab91a, pkt_tx_sop = 0, pkt_tx_eop = 0, pkt_tx_val = 1, pkt_tx_mod = 0, pkt_tx_full = 0
# UVM_INFO ../src/tb/in_mon.sv(76) @ 193200: uvm_test_top.xgemac_env_h.in_agent_h.in_mon_h [in_mon] [IN MONITOR] pkt_tx_data = 20b8550a0f318adc, pkt_tx_sop = 0, pkt_tx_eop = 0, pkt_tx_val = 1, pkt_tx_mod = 0, pkt_tx_full = 0
# UVM_INFO ../src/tb/out_mon.sv(96) @ 193200: uvm_test_top.xgemac_env_h.out_agent_h.out_mon_h [out_mon] [OUT MONITOR] pkt_rx_avail = 1, pkt_rx_data = 0,  pkt_rx_eop = 0, pkt_rx_val = 0,
#                                         pkt_rx_sop = 0, pkt_rx_mod = 0,pkt_rx_err = 0
# UVM_INFO ../src/tb/wish_mon.sv(59) @ 195000: uvm_test_top.xgemac_env_h.wish_agent_h.wish_mon_h [wish_mon] [WISHBONE MONITOR READ TASK] read_address = 94, read_data = 0
# ------------------------------------------------------ 
# UVM_INFO ../src/tb/out_mon.sv(96) @ 195600: uvm_test_top.xgemac_env_h.out_agent_h.out_mon_h [out_mon] [OUT MONITOR] pkt_rx_avail = 1, pkt_rx_data = 0,  pkt_rx_eop = 0, pkt_rx_val = 0,
#                                         pkt_rx_sop = 0, pkt_rx_mod = 0,pkt_rx_err = 0
# UVM_INFO ../src/tb/in_mon.sv(76) @ 195600: uvm_test_top.xgemac_env_h.in_agent_h.in_mon_h [in_mon] [IN MONITOR] pkt_tx_data = 3b8cb89ebc3cead7, pkt_tx_sop = 0, pkt_tx_eop = 0, pkt_tx_val = 1, pkt_tx_mod = 0, pkt_tx_full = 0
# UVM_INFO ../src/tb/in_mon.sv(76) @ 198000: uvm_test_top.xgemac_env_h.in_agent_h.in_mon_h [in_mon] [IN MONITOR] pkt_tx_data = 2471b67da81fee92, pkt_tx_sop = 0, pkt_tx_eop = 0, pkt_tx_val = 1, pkt_tx_mod = 0, pkt_tx_full = 0
# UVM_INFO ../src/tb/out_mon.sv(96) @ 198000: uvm_test_top.xgemac_env_h.out_agent_h.out_mon_h [out_mon] [OUT MONITOR] pkt_rx_avail = 1, pkt_rx_data = 0,  pkt_rx_eop = 0, pkt_rx_val = 0,
#                                         pkt_rx_sop = 0, pkt_rx_mod = 0,pkt_rx_err = 0
# UVM_INFO ../src/tb/out_mon.sv(96) @ 200400: uvm_test_top.xgemac_env_h.out_agent_h.out_mon_h [out_mon] [OUT MONITOR] pkt_rx_avail = 1, pkt_rx_data = 0,  pkt_rx_eop = 0, pkt_rx_val = 0,
#                                         pkt_rx_sop = 0, pkt_rx_mod = 0,pkt_rx_err = 0
# UVM_INFO ../src/tb/in_mon.sv(76) @ 200400: uvm_test_top.xgemac_env_h.in_agent_h.in_mon_h [in_mon] [IN MONITOR] pkt_tx_data = 4471a8f10e59e8db, pkt_tx_sop = 0, pkt_tx_eop = 0, pkt_tx_val = 1, pkt_tx_mod = 0, pkt_tx_full = 0
# UVM_INFO ../src/tb/in_mon.sv(76) @ 202800: uvm_test_top.xgemac_env_h.in_agent_h.in_mon_h [in_mon] [IN MONITOR] pkt_tx_data = eb3ca76a0eaca3c, pkt_tx_sop = 0, pkt_tx_eop = 0, pkt_tx_val = 1, pkt_tx_mod = 0, pkt_tx_full = 0
# UVM_INFO ../src/tb/out_mon.sv(96) @ 202800: uvm_test_top.xgemac_env_h.out_agent_h.out_mon_h [out_mon] [OUT MONITOR] pkt_rx_avail = 1, pkt_rx_data = 0,  pkt_rx_eop = 0, pkt_rx_val = 0,
#                                         pkt_rx_sop = 0, pkt_rx_mod = 0,pkt_rx_err = 0
# UVM_INFO ../src/tb/wish_mon.sv(59) @ 205000: uvm_test_top.xgemac_env_h.wish_agent_h.wish_mon_h [wish_mon] [WISHBONE MONITOR READ TASK] read_address = 94, read_data = 0
# ------------------------------------------------------ 
# UVM_INFO ../src/tb/out_mon.sv(96) @ 205200: uvm_test_top.xgemac_env_h.out_agent_h.out_mon_h [out_mon] [OUT MONITOR] pkt_rx_avail = 1, pkt_rx_data = 0,  pkt_rx_eop = 0, pkt_rx_val = 0,
#                                         pkt_rx_sop = 0, pkt_rx_mod = 0,pkt_rx_err = 0
# UVM_INFO ../src/tb/in_mon.sv(76) @ 205200: uvm_test_top.xgemac_env_h.in_agent_h.in_mon_h [in_mon] [IN MONITOR] pkt_tx_data = 1b64ab00e90ad16a, pkt_tx_sop = 0, pkt_tx_eop = 0, pkt_tx_val = 1, pkt_tx_mod = 0, pkt_tx_full = 0
# UVM_INFO ../src/tb/in_mon.sv(76) @ 207600: uvm_test_top.xgemac_env_h.in_agent_h.in_mon_h [in_mon] [IN MONITOR] pkt_tx_data = 1d05dc18ebde150e, pkt_tx_sop = 0, pkt_tx_eop = 0, pkt_tx_val = 1, pkt_tx_mod = 0, pkt_tx_full = 0
# UVM_INFO ../src/tb/out_mon.sv(96) @ 207600: uvm_test_top.xgemac_env_h.out_agent_h.out_mon_h [out_mon] [OUT MONITOR] pkt_rx_avail = 1, pkt_rx_data = 0,  pkt_rx_eop = 0, pkt_rx_val = 0,
#                                         pkt_rx_sop = 0, pkt_rx_mod = 0,pkt_rx_err = 0
# UVM_INFO ../src/tb/out_mon.sv(96) @ 210000: uvm_test_top.xgemac_env_h.out_agent_h.out_mon_h [out_mon] [OUT MONITOR] pkt_rx_avail = 1, pkt_rx_data = 0,  pkt_rx_eop = 0, pkt_rx_val = 0,
#                                         pkt_rx_sop = 0, pkt_rx_mod = 0,pkt_rx_err = 0
# UVM_INFO ../src/tb/in_mon.sv(76) @ 210000: uvm_test_top.xgemac_env_h.in_agent_h.in_mon_h [in_mon] [IN MONITOR] pkt_tx_data = 9def143756b623cf, pkt_tx_sop = 0, pkt_tx_eop = 0, pkt_tx_val = 1, pkt_tx_mod = 0, pkt_tx_full = 0
# UVM_INFO ../src/tb/in_mon.sv(76) @ 212400: uvm_test_top.xgemac_env_h.in_agent_h.in_mon_h [in_mon] [IN MONITOR] pkt_tx_data = e349e9497206afa, pkt_tx_sop = 0, pkt_tx_eop = 0, pkt_tx_val = 1, pkt_tx_mod = 0, pkt_tx_full = 0
# UVM_INFO ../src/tb/out_mon.sv(96) @ 212400: uvm_test_top.xgemac_env_h.out_agent_h.out_mon_h [out_mon] [OUT MONITOR] pkt_rx_avail = 1, pkt_rx_data = 0,  pkt_rx_eop = 0, pkt_rx_val = 0,
#                                         pkt_rx_sop = 0, pkt_rx_mod = 0,pkt_rx_err = 0
# UVM_INFO ../src/tb/out_mon.sv(96) @ 214800: uvm_test_top.xgemac_env_h.out_agent_h.out_mon_h [out_mon] [OUT MONITOR] pkt_rx_avail = 1, pkt_rx_data = 0,  pkt_rx_eop = 0, pkt_rx_val = 0,
#                                         pkt_rx_sop = 0, pkt_rx_mod = 0,pkt_rx_err = 0
# UVM_INFO ../src/tb/in_mon.sv(76) @ 214800: uvm_test_top.xgemac_env_h.in_agent_h.in_mon_h [in_mon] [IN MONITOR] pkt_tx_data = 716e506f60847a09, pkt_tx_sop = 0, pkt_tx_eop = 0, pkt_tx_val = 1, pkt_tx_mod = 0, pkt_tx_full = 0
# UVM_INFO ../src/tb/wish_mon.sv(59) @ 215000: uvm_test_top.xgemac_env_h.wish_agent_h.wish_mon_h [wish_mon] [WISHBONE MONITOR READ TASK] read_address = 94, read_data = 0
# ------------------------------------------------------ 
# UVM_INFO ../src/tb/in_mon.sv(76) @ 217200: uvm_test_top.xgemac_env_h.in_agent_h.in_mon_h [in_mon] [IN MONITOR] pkt_tx_data = 1d56048db031e8ca, pkt_tx_sop = 0, pkt_tx_eop = 0, pkt_tx_val = 1, pkt_tx_mod = 0, pkt_tx_full = 0
# UVM_INFO ../src/tb/out_mon.sv(96) @ 217200: uvm_test_top.xgemac_env_h.out_agent_h.out_mon_h [out_mon] [OUT MONITOR] pkt_rx_avail = 1, pkt_rx_data = 0,  pkt_rx_eop = 0, pkt_rx_val = 0,
#                                         pkt_rx_sop = 0, pkt_rx_mod = 0,pkt_rx_err = 0
# UVM_INFO ../src/tb/out_mon.sv(96) @ 219600: uvm_test_top.xgemac_env_h.out_agent_h.out_mon_h [out_mon] [OUT MONITOR] pkt_rx_avail = 1, pkt_rx_data = 0,  pkt_rx_eop = 0, pkt_rx_val = 0,
#                                         pkt_rx_sop = 0, pkt_rx_mod = 0,pkt_rx_err = 0
# UVM_INFO ../src/tb/in_mon.sv(76) @ 219600: uvm_test_top.xgemac_env_h.in_agent_h.in_mon_h [in_mon] [IN MONITOR] pkt_tx_data = 493ddc5a8f172a0e, pkt_tx_sop = 0, pkt_tx_eop = 0, pkt_tx_val = 1, pkt_tx_mod = 0, pkt_tx_full = 0
# UVM_INFO ../src/tb/in_mon.sv(76) @ 222000: uvm_test_top.xgemac_env_h.in_agent_h.in_mon_h [in_mon] [IN MONITOR] pkt_tx_data = 888d8af3c9eec37d, pkt_tx_sop = 0, pkt_tx_eop = 0, pkt_tx_val = 1, pkt_tx_mod = 0, pkt_tx_full = 0
# UVM_INFO ../src/tb/out_mon.sv(96) @ 222000: uvm_test_top.xgemac_env_h.out_agent_h.out_mon_h [out_mon] [OUT MONITOR] pkt_rx_avail = 1, pkt_rx_data = 0,  pkt_rx_eop = 0, pkt_rx_val = 0,
#                                         pkt_rx_sop = 0, pkt_rx_mod = 0,pkt_rx_err = 0
# UVM_INFO ../src/tb/out_mon.sv(96) @ 224400: uvm_test_top.xgemac_env_h.out_agent_h.out_mon_h [out_mon] [OUT MONITOR] pkt_rx_avail = 1, pkt_rx_data = 0,  pkt_rx_eop = 0, pkt_rx_val = 0,
#                                         pkt_rx_sop = 0, pkt_rx_mod = 0,pkt_rx_err = 0
# UVM_INFO ../src/tb/in_mon.sv(76) @ 224400: uvm_test_top.xgemac_env_h.in_agent_h.in_mon_h [in_mon] [IN MONITOR] pkt_tx_data = ff4d921477b377e5, pkt_tx_sop = 0, pkt_tx_eop = 0, pkt_tx_val = 1, pkt_tx_mod = 0, pkt_tx_full = 0
# UVM_INFO ../src/tb/wish_mon.sv(59) @ 225000: uvm_test_top.xgemac_env_h.wish_agent_h.wish_mon_h [wish_mon] [WISHBONE MONITOR READ TASK] read_address = 94, read_data = 0
# ------------------------------------------------------ 
# UVM_INFO ../src/tb/in_mon.sv(76) @ 226800: uvm_test_top.xgemac_env_h.in_agent_h.in_mon_h [in_mon] [IN MONITOR] pkt_tx_data = 644230fe40fca38e, pkt_tx_sop = 0, pkt_tx_eop = 0, pkt_tx_val = 1, pkt_tx_mod = 0, pkt_tx_full = 0
# UVM_INFO ../src/tb/out_mon.sv(96) @ 226800: uvm_test_top.xgemac_env_h.out_agent_h.out_mon_h [out_mon] [OUT MONITOR] pkt_rx_avail = 1, pkt_rx_data = 0,  pkt_rx_eop = 0, pkt_rx_val = 0,
#                                         pkt_rx_sop = 0, pkt_rx_mod = 0,pkt_rx_err = 0
# UVM_INFO ../src/tb/out_mon.sv(96) @ 229200: uvm_test_top.xgemac_env_h.out_agent_h.out_mon_h [out_mon] [OUT MONITOR] pkt_rx_avail = 1, pkt_rx_data = 0,  pkt_rx_eop = 0, pkt_rx_val = 0,
#                                         pkt_rx_sop = 0, pkt_rx_mod = 0,pkt_rx_err = 0
# UVM_INFO ../src/tb/in_mon.sv(76) @ 229200: uvm_test_top.xgemac_env_h.in_agent_h.in_mon_h [in_mon] [IN MONITOR] pkt_tx_data = ae92656349121bfd, pkt_tx_sop = 0, pkt_tx_eop = 0, pkt_tx_val = 1, pkt_tx_mod = 0, pkt_tx_full = 0
# UVM_INFO ../src/tb/in_mon.sv(76) @ 231600: uvm_test_top.xgemac_env_h.in_agent_h.in_mon_h [in_mon] [IN MONITOR] pkt_tx_data = 8aa54c7f9c19ad5, pkt_tx_sop = 0, pkt_tx_eop = 0, pkt_tx_val = 1, pkt_tx_mod = 0, pkt_tx_full = 0
# UVM_INFO ../src/tb/out_mon.sv(96) @ 231600: uvm_test_top.xgemac_env_h.out_agent_h.out_mon_h [out_mon] [OUT MONITOR] pkt_rx_avail = 1, pkt_rx_data = 0,  pkt_rx_eop = 0, pkt_rx_val = 0,
#                                         pkt_rx_sop = 0, pkt_rx_mod = 0,pkt_rx_err = 0
# UVM_INFO ../src/tb/out_mon.sv(96) @ 234000: uvm_test_top.xgemac_env_h.out_agent_h.out_mon_h [out_mon] [OUT MONITOR] pkt_rx_avail = 1, pkt_rx_data = 0,  pkt_rx_eop = 0, pkt_rx_val = 0,
#                                         pkt_rx_sop = 0, pkt_rx_mod = 0,pkt_rx_err = 0
# UVM_INFO ../src/tb/in_mon.sv(76) @ 234000: uvm_test_top.xgemac_env_h.in_agent_h.in_mon_h [in_mon] [IN MONITOR] pkt_tx_data = c5acd7f7de418936, pkt_tx_sop = 0, pkt_tx_eop = 0, pkt_tx_val = 1, pkt_tx_mod = 0, pkt_tx_full = 0
# UVM_INFO ../src/tb/wish_mon.sv(59) @ 235000: uvm_test_top.xgemac_env_h.wish_agent_h.wish_mon_h [wish_mon] [WISHBONE MONITOR READ TASK] read_address = 94, read_data = 0
# ------------------------------------------------------ 
# UVM_INFO ../src/tb/in_mon.sv(76) @ 236400: uvm_test_top.xgemac_env_h.in_agent_h.in_mon_h [in_mon] [IN MONITOR] pkt_tx_data = 8ad29a168cb09ca3, pkt_tx_sop = 0, pkt_tx_eop = 0, pkt_tx_val = 1, pkt_tx_mod = 0, pkt_tx_full = 0
# UVM_INFO ../src/tb/out_mon.sv(96) @ 236400: uvm_test_top.xgemac_env_h.out_agent_h.out_mon_h [out_mon] [OUT MONITOR] pkt_rx_avail = 1, pkt_rx_data = 0,  pkt_rx_eop = 0, pkt_rx_val = 0,
#                                         pkt_rx_sop = 0, pkt_rx_mod = 0,pkt_rx_err = 0
# UVM_INFO ../src/tb/out_mon.sv(96) @ 238800: uvm_test_top.xgemac_env_h.out_agent_h.out_mon_h [out_mon] [OUT MONITOR] pkt_rx_avail = 1, pkt_rx_data = 0,  pkt_rx_eop = 0, pkt_rx_val = 0,
#                                         pkt_rx_sop = 0, pkt_rx_mod = 0,pkt_rx_err = 0
# UVM_INFO ../src/tb/in_mon.sv(76) @ 238800: uvm_test_top.xgemac_env_h.in_agent_h.in_mon_h [in_mon] [IN MONITOR] pkt_tx_data = 8d6dc5ea35d4a903, pkt_tx_sop = 0, pkt_tx_eop = 0, pkt_tx_val = 1, pkt_tx_mod = 0, pkt_tx_full = 0
# UVM_INFO ../src/tb/in_mon.sv(76) @ 241200: uvm_test_top.xgemac_env_h.in_agent_h.in_mon_h [in_mon] [IN MONITOR] pkt_tx_data = 2cf12deec97d2589, pkt_tx_sop = 0, pkt_tx_eop = 0, pkt_tx_val = 1, pkt_tx_mod = 0, pkt_tx_full = 0
# UVM_INFO ../src/tb/out_mon.sv(96) @ 241200: uvm_test_top.xgemac_env_h.out_agent_h.out_mon_h [out_mon] [OUT MONITOR] pkt_rx_avail = 1, pkt_rx_data = 0,  pkt_rx_eop = 0, pkt_rx_val = 0,
#                                         pkt_rx_sop = 0, pkt_rx_mod = 0,pkt_rx_err = 0
# UVM_INFO ../src/tb/out_mon.sv(96) @ 243600: uvm_test_top.xgemac_env_h.out_agent_h.out_mon_h [out_mon] [OUT MONITOR] pkt_rx_avail = 1, pkt_rx_data = 0,  pkt_rx_eop = 0, pkt_rx_val = 0,
#                                         pkt_rx_sop = 0, pkt_rx_mod = 0,pkt_rx_err = 0
# UVM_INFO ../src/tb/in_mon.sv(76) @ 243600: uvm_test_top.xgemac_env_h.in_agent_h.in_mon_h [in_mon] [IN MONITOR] pkt_tx_data = b151910cc0a48c2a, pkt_tx_sop = 0, pkt_tx_eop = 0, pkt_tx_val = 1, pkt_tx_mod = 0, pkt_tx_full = 0
# UVM_INFO ../src/tb/wish_mon.sv(59) @ 245000: uvm_test_top.xgemac_env_h.wish_agent_h.wish_mon_h [wish_mon] [WISHBONE MONITOR READ TASK] read_address = 94, read_data = 0
# ------------------------------------------------------ 
# UVM_INFO ../src/tb/in_mon.sv(76) @ 246000: uvm_test_top.xgemac_env_h.in_agent_h.in_mon_h [in_mon] [IN MONITOR] pkt_tx_data = 1d5d5a3e53f2bbdc, pkt_tx_sop = 0, pkt_tx_eop = 0, pkt_tx_val = 1, pkt_tx_mod = 0, pkt_tx_full = 0
# UVM_INFO ../src/tb/out_mon.sv(96) @ 246000: uvm_test_top.xgemac_env_h.out_agent_h.out_mon_h [out_mon] [OUT MONITOR] pkt_rx_avail = 1, pkt_rx_data = 0,  pkt_rx_eop = 0, pkt_rx_val = 0,
#                                         pkt_rx_sop = 0, pkt_rx_mod = 0,pkt_rx_err = 0
# UVM_INFO ../src/tb/out_mon.sv(96) @ 248400: uvm_test_top.xgemac_env_h.out_agent_h.out_mon_h [out_mon] [OUT MONITOR] pkt_rx_avail = 1, pkt_rx_data = 0,  pkt_rx_eop = 0, pkt_rx_val = 0,
#                                         pkt_rx_sop = 0, pkt_rx_mod = 0,pkt_rx_err = 0
# UVM_INFO ../src/tb/in_mon.sv(76) @ 248400: uvm_test_top.xgemac_env_h.in_agent_h.in_mon_h [in_mon] [IN MONITOR] pkt_tx_data = 48ecd4ca650bcf68, pkt_tx_sop = 0, pkt_tx_eop = 0, pkt_tx_val = 1, pkt_tx_mod = 0, pkt_tx_full = 0
# UVM_INFO ../src/tb/in_mon.sv(76) @ 250800: uvm_test_top.xgemac_env_h.in_agent_h.in_mon_h [in_mon] [IN MONITOR] pkt_tx_data = 9e6822d759382437, pkt_tx_sop = 0, pkt_tx_eop = 0, pkt_tx_val = 1, pkt_tx_mod = 0, pkt_tx_full = 0
# UVM_INFO ../src/tb/out_mon.sv(96) @ 250800: uvm_test_top.xgemac_env_h.out_agent_h.out_mon_h [out_mon] [OUT MONITOR] pkt_rx_avail = 1, pkt_rx_data = 0,  pkt_rx_eop = 0, pkt_rx_val = 0,
#                                         pkt_rx_sop = 0, pkt_rx_mod = 0,pkt_rx_err = 0
# UVM_INFO ../src/tb/out_mon.sv(96) @ 253200: uvm_test_top.xgemac_env_h.out_agent_h.out_mon_h [out_mon] [OUT MONITOR] pkt_rx_avail = 1, pkt_rx_data = 0,  pkt_rx_eop = 0, pkt_rx_val = 0,
#                                         pkt_rx_sop = 0, pkt_rx_mod = 0,pkt_rx_err = 0
# UVM_INFO ../src/tb/in_mon.sv(76) @ 253200: uvm_test_top.xgemac_env_h.in_agent_h.in_mon_h [in_mon] [IN MONITOR] pkt_tx_data = 7e193b843c07b0ce, pkt_tx_sop = 0, pkt_tx_eop = 0, pkt_tx_val = 1, pkt_tx_mod = 0, pkt_tx_full = 0
# UVM_INFO ../src/tb/wish_mon.sv(59) @ 255000: uvm_test_top.xgemac_env_h.wish_agent_h.wish_mon_h [wish_mon] [WISHBONE MONITOR READ TASK] read_address = 94, read_data = 0
# ------------------------------------------------------ 
# UVM_INFO ../src/tb/in_mon.sv(76) @ 255600: uvm_test_top.xgemac_env_h.in_agent_h.in_mon_h [in_mon] [IN MONITOR] pkt_tx_data = 5866c43221f4c8fd, pkt_tx_sop = 0, pkt_tx_eop = 0, pkt_tx_val = 1, pkt_tx_mod = 0, pkt_tx_full = 0
# UVM_INFO ../src/tb/out_mon.sv(96) @ 255600: uvm_test_top.xgemac_env_h.out_agent_h.out_mon_h [out_mon] [OUT MONITOR] pkt_rx_avail = 1, pkt_rx_data = 0,  pkt_rx_eop = 0, pkt_rx_val = 0,
#                                         pkt_rx_sop = 0, pkt_rx_mod = 0,pkt_rx_err = 0
# UVM_INFO ../src/tb/out_mon.sv(96) @ 258000: uvm_test_top.xgemac_env_h.out_agent_h.out_mon_h [out_mon] [OUT MONITOR] pkt_rx_avail = 1, pkt_rx_data = 0,  pkt_rx_eop = 0, pkt_rx_val = 0,
#                                         pkt_rx_sop = 0, pkt_rx_mod = 0,pkt_rx_err = 0
# UVM_INFO ../src/tb/in_mon.sv(76) @ 258000: uvm_test_top.xgemac_env_h.in_agent_h.in_mon_h [in_mon] [IN MONITOR] pkt_tx_data = 6b5f566b934c6762, pkt_tx_sop = 0, pkt_tx_eop = 0, pkt_tx_val = 1, pkt_tx_mod = 0, pkt_tx_full = 0
# UVM_INFO ../src/tb/in_mon.sv(76) @ 260400: uvm_test_top.xgemac_env_h.in_agent_h.in_mon_h [in_mon] [IN MONITOR] pkt_tx_data = 54294c34d2000096, pkt_tx_sop = 0, pkt_tx_eop = 0, pkt_tx_val = 1, pkt_tx_mod = 0, pkt_tx_full = 0
# UVM_INFO ../src/tb/out_mon.sv(96) @ 260400: uvm_test_top.xgemac_env_h.out_agent_h.out_mon_h [out_mon] [OUT MONITOR] pkt_rx_avail = 1, pkt_rx_data = 0,  pkt_rx_eop = 0, pkt_rx_val = 0,
#                                         pkt_rx_sop = 0, pkt_rx_mod = 0,pkt_rx_err = 0
# UVM_INFO ../src/tb/out_mon.sv(96) @ 262800: uvm_test_top.xgemac_env_h.out_agent_h.out_mon_h [out_mon] [OUT MONITOR] pkt_rx_avail = 1, pkt_rx_data = 0,  pkt_rx_eop = 0, pkt_rx_val = 0,
#                                         pkt_rx_sop = 0, pkt_rx_mod = 0,pkt_rx_err = 0
# UVM_INFO ../src/tb/in_mon.sv(76) @ 262800: uvm_test_top.xgemac_env_h.in_agent_h.in_mon_h [in_mon] [IN MONITOR] pkt_tx_data = d51baddc858e5de1, pkt_tx_sop = 0, pkt_tx_eop = 0, pkt_tx_val = 1, pkt_tx_mod = 0, pkt_tx_full = 0
# UVM_INFO ../src/tb/wish_mon.sv(59) @ 265000: uvm_test_top.xgemac_env_h.wish_agent_h.wish_mon_h [wish_mon] [WISHBONE MONITOR READ TASK] read_address = 94, read_data = 0
# ------------------------------------------------------ 
# UVM_INFO ../src/tb/in_mon.sv(76) @ 265200: uvm_test_top.xgemac_env_h.in_agent_h.in_mon_h [in_mon] [IN MONITOR] pkt_tx_data = 8a3392946bcb13c1, pkt_tx_sop = 0, pkt_tx_eop = 0, pkt_tx_val = 1, pkt_tx_mod = 0, pkt_tx_full = 0
# UVM_INFO ../src/tb/out_mon.sv(96) @ 265200: uvm_test_top.xgemac_env_h.out_agent_h.out_mon_h [out_mon] [OUT MONITOR] pkt_rx_avail = 1, pkt_rx_data = 0,  pkt_rx_eop = 0, pkt_rx_val = 0,
#                                         pkt_rx_sop = 0, pkt_rx_mod = 0,pkt_rx_err = 0
# UVM_INFO ../src/tb/out_mon.sv(96) @ 267600: uvm_test_top.xgemac_env_h.out_agent_h.out_mon_h [out_mon] [OUT MONITOR] pkt_rx_avail = 1, pkt_rx_data = 0,  pkt_rx_eop = 0, pkt_rx_val = 0,
#                                         pkt_rx_sop = 0, pkt_rx_mod = 0,pkt_rx_err = 0
# UVM_INFO ../src/tb/in_mon.sv(76) @ 267600: uvm_test_top.xgemac_env_h.in_agent_h.in_mon_h [in_mon] [IN MONITOR] pkt_tx_data = ce883e25b13514a, pkt_tx_sop = 0, pkt_tx_eop = 0, pkt_tx_val = 1, pkt_tx_mod = 0, pkt_tx_full = 0
# UVM_INFO ../src/tb/in_mon.sv(76) @ 270000: uvm_test_top.xgemac_env_h.in_agent_h.in_mon_h [in_mon] [IN MONITOR] pkt_tx_data = 9ca474b122fbb3a2, pkt_tx_sop = 0, pkt_tx_eop = 0, pkt_tx_val = 1, pkt_tx_mod = 0, pkt_tx_full = 0
# UVM_INFO ../src/tb/out_mon.sv(96) @ 270000: uvm_test_top.xgemac_env_h.out_agent_h.out_mon_h [out_mon] [OUT MONITOR] pkt_rx_avail = 1, pkt_rx_data = 0,  pkt_rx_eop = 0, pkt_rx_val = 0,
#                                         pkt_rx_sop = 0, pkt_rx_mod = 0,pkt_rx_err = 0
# UVM_INFO ../src/tb/out_mon.sv(96) @ 272400: uvm_test_top.xgemac_env_h.out_agent_h.out_mon_h [out_mon] [OUT MONITOR] pkt_rx_avail = 1, pkt_rx_data = 0,  pkt_rx_eop = 0, pkt_rx_val = 0,
#                                         pkt_rx_sop = 0, pkt_rx_mod = 0,pkt_rx_err = 0
# UVM_INFO ../src/tb/in_mon.sv(76) @ 272400: uvm_test_top.xgemac_env_h.in_agent_h.in_mon_h [in_mon] [IN MONITOR] pkt_tx_data = 3391f1a425cc3295, pkt_tx_sop = 0, pkt_tx_eop = 0, pkt_tx_val = 1, pkt_tx_mod = 0, pkt_tx_full = 0
# UVM_INFO ../src/tb/in_mon.sv(76) @ 274800: uvm_test_top.xgemac_env_h.in_agent_h.in_mon_h [in_mon] [IN MONITOR] pkt_tx_data = ef77f03ee289480a, pkt_tx_sop = 0, pkt_tx_eop = 0, pkt_tx_val = 1, pkt_tx_mod = 0, pkt_tx_full = 0
# UVM_INFO ../src/tb/out_mon.sv(96) @ 274800: uvm_test_top.xgemac_env_h.out_agent_h.out_mon_h [out_mon] [OUT MONITOR] pkt_rx_avail = 1, pkt_rx_data = 0,  pkt_rx_eop = 0, pkt_rx_val = 0,
#                                         pkt_rx_sop = 0, pkt_rx_mod = 0,pkt_rx_err = 0
# UVM_INFO ../src/tb/wish_mon.sv(59) @ 275000: uvm_test_top.xgemac_env_h.wish_agent_h.wish_mon_h [wish_mon] [WISHBONE MONITOR READ TASK] read_address = 94, read_data = 0
# ------------------------------------------------------ 
# UVM_INFO ../src/tb/out_mon.sv(96) @ 277200: uvm_test_top.xgemac_env_h.out_agent_h.out_mon_h [out_mon] [OUT MONITOR] pkt_rx_avail = 1, pkt_rx_data = 0,  pkt_rx_eop = 0, pkt_rx_val = 0,
#                                         pkt_rx_sop = 0, pkt_rx_mod = 0,pkt_rx_err = 0
# UVM_INFO ../src/tb/in_mon.sv(76) @ 277200: uvm_test_top.xgemac_env_h.in_agent_h.in_mon_h [in_mon] [IN MONITOR] pkt_tx_data = 9ac04f2c76b91f7e, pkt_tx_sop = 0, pkt_tx_eop = 0, pkt_tx_val = 1, pkt_tx_mod = 0, pkt_tx_full = 0
# UVM_INFO ../src/tb/in_mon.sv(76) @ 279600: uvm_test_top.xgemac_env_h.in_agent_h.in_mon_h [in_mon] [IN MONITOR] pkt_tx_data = a1ede328f1758aa8, pkt_tx_sop = 0, pkt_tx_eop = 0, pkt_tx_val = 1, pkt_tx_mod = 0, pkt_tx_full = 0
# UVM_INFO ../src/tb/out_mon.sv(96) @ 279600: uvm_test_top.xgemac_env_h.out_agent_h.out_mon_h [out_mon] [OUT MONITOR] pkt_rx_avail = 1, pkt_rx_data = 0,  pkt_rx_eop = 0, pkt_rx_val = 0,
#                                         pkt_rx_sop = 0, pkt_rx_mod = 0,pkt_rx_err = 0
# UVM_INFO ../src/tb/out_mon.sv(96) @ 282000: uvm_test_top.xgemac_env_h.out_agent_h.out_mon_h [out_mon] [OUT MONITOR] pkt_rx_avail = 1, pkt_rx_data = 0,  pkt_rx_eop = 0, pkt_rx_val = 0,
#                                         pkt_rx_sop = 0, pkt_rx_mod = 0,pkt_rx_err = 0
# UVM_INFO ../src/tb/in_mon.sv(76) @ 282000: uvm_test_top.xgemac_env_h.in_agent_h.in_mon_h [in_mon] [IN MONITOR] pkt_tx_data = 475240b1a0da8759, pkt_tx_sop = 0, pkt_tx_eop = 0, pkt_tx_val = 1, pkt_tx_mod = 0, pkt_tx_full = 0
# UVM_INFO ../src/tb/in_mon.sv(76) @ 284400: uvm_test_top.xgemac_env_h.in_agent_h.in_mon_h [in_mon] [IN MONITOR] pkt_tx_data = e7a6d1d2f0bc71d3, pkt_tx_sop = 0, pkt_tx_eop = 0, pkt_tx_val = 1, pkt_tx_mod = 0, pkt_tx_full = 0
# UVM_INFO ../src/tb/out_mon.sv(96) @ 284400: uvm_test_top.xgemac_env_h.out_agent_h.out_mon_h [out_mon] [OUT MONITOR] pkt_rx_avail = 1, pkt_rx_data = 0,  pkt_rx_eop = 0, pkt_rx_val = 0,
#                                         pkt_rx_sop = 0, pkt_rx_mod = 0,pkt_rx_err = 0
# UVM_INFO ../src/tb/wish_mon.sv(59) @ 285000: uvm_test_top.xgemac_env_h.wish_agent_h.wish_mon_h [wish_mon] [WISHBONE MONITOR READ TASK] read_address = 94, read_data = 0
# ------------------------------------------------------ 
# UVM_INFO ../src/tb/out_mon.sv(96) @ 286800: uvm_test_top.xgemac_env_h.out_agent_h.out_mon_h [out_mon] [OUT MONITOR] pkt_rx_avail = 1, pkt_rx_data = 0,  pkt_rx_eop = 0, pkt_rx_val = 0,
#                                         pkt_rx_sop = 0, pkt_rx_mod = 0,pkt_rx_err = 0
# UVM_INFO ../src/tb/in_mon.sv(76) @ 286800: uvm_test_top.xgemac_env_h.in_agent_h.in_mon_h [in_mon] [IN MONITOR] pkt_tx_data = 76aa4725da42bd26, pkt_tx_sop = 0, pkt_tx_eop = 0, pkt_tx_val = 1, pkt_tx_mod = 0, pkt_tx_full = 0
# UVM_INFO ../src/tb/in_mon.sv(76) @ 289200: uvm_test_top.xgemac_env_h.in_agent_h.in_mon_h [in_mon] [IN MONITOR] pkt_tx_data = dbc004286f3be1e9, pkt_tx_sop = 0, pkt_tx_eop = 0, pkt_tx_val = 1, pkt_tx_mod = 0, pkt_tx_full = 0
# UVM_INFO ../src/tb/out_mon.sv(96) @ 289200: uvm_test_top.xgemac_env_h.out_agent_h.out_mon_h [out_mon] [OUT MONITOR] pkt_rx_avail = 1, pkt_rx_data = 0,  pkt_rx_eop = 0, pkt_rx_val = 0,
#                                         pkt_rx_sop = 0, pkt_rx_mod = 0,pkt_rx_err = 0
# UVM_INFO ../src/tb/out_mon.sv(96) @ 291600: uvm_test_top.xgemac_env_h.out_agent_h.out_mon_h [out_mon] [OUT MONITOR] pkt_rx_avail = 1, pkt_rx_data = 0,  pkt_rx_eop = 0, pkt_rx_val = 0,
#                                         pkt_rx_sop = 0, pkt_rx_mod = 0,pkt_rx_err = 0
# UVM_INFO ../src/tb/in_mon.sv(76) @ 291600: uvm_test_top.xgemac_env_h.in_agent_h.in_mon_h [in_mon] [IN MONITOR] pkt_tx_data = 1ffebafa7da4b97c, pkt_tx_sop = 0, pkt_tx_eop = 0, pkt_tx_val = 1, pkt_tx_mod = 0, pkt_tx_full = 0
# UVM_INFO ../src/tb/in_mon.sv(76) @ 294000: uvm_test_top.xgemac_env_h.in_agent_h.in_mon_h [in_mon] [IN MONITOR] pkt_tx_data = 64e7a353c47d3f11, pkt_tx_sop = 0, pkt_tx_eop = 0, pkt_tx_val = 1, pkt_tx_mod = 0, pkt_tx_full = 0
# UVM_INFO ../src/tb/out_mon.sv(96) @ 294000: uvm_test_top.xgemac_env_h.out_agent_h.out_mon_h [out_mon] [OUT MONITOR] pkt_rx_avail = 1, pkt_rx_data = 0,  pkt_rx_eop = 0, pkt_rx_val = 0,
#                                         pkt_rx_sop = 0, pkt_rx_mod = 0,pkt_rx_err = 0
# UVM_INFO ../src/tb/wish_mon.sv(59) @ 295000: uvm_test_top.xgemac_env_h.wish_agent_h.wish_mon_h [wish_mon] [WISHBONE MONITOR READ TASK] read_address = 94, read_data = 0
# ------------------------------------------------------ 
# UVM_INFO ../src/tb/out_mon.sv(96) @ 296400: uvm_test_top.xgemac_env_h.out_agent_h.out_mon_h [out_mon] [OUT MONITOR] pkt_rx_avail = 1, pkt_rx_data = 0,  pkt_rx_eop = 0, pkt_rx_val = 0,
#                                         pkt_rx_sop = 0, pkt_rx_mod = 0,pkt_rx_err = 0
# UVM_INFO ../src/tb/in_mon.sv(76) @ 296400: uvm_test_top.xgemac_env_h.in_agent_h.in_mon_h [in_mon] [IN MONITOR] pkt_tx_data = bf2dd1bd7b71d4a0, pkt_tx_sop = 0, pkt_tx_eop = 0, pkt_tx_val = 1, pkt_tx_mod = 0, pkt_tx_full = 0
# UVM_INFO ../src/tb/in_mon.sv(76) @ 298800: uvm_test_top.xgemac_env_h.in_agent_h.in_mon_h [in_mon] [IN MONITOR] pkt_tx_data = 63db6e5c01ff4e17, pkt_tx_sop = 0, pkt_tx_eop = 0, pkt_tx_val = 1, pkt_tx_mod = 0, pkt_tx_full = 0
# UVM_INFO ../src/tb/out_mon.sv(96) @ 298800: uvm_test_top.xgemac_env_h.out_agent_h.out_mon_h [out_mon] [OUT MONITOR] pkt_rx_avail = 1, pkt_rx_data = 0,  pkt_rx_eop = 0, pkt_rx_val = 0,
#                                         pkt_rx_sop = 0, pkt_rx_mod = 0,pkt_rx_err = 0
# UVM_INFO ../src/tb/xgemac_normal_test.sv(69) @ 298800: uvm_test_top [xgemac_normal_test] Done xgemac_normal_test
# UVM_INFO verilog_src/uvm-1.1d/src/base/uvm_objection.svh(1268) @ 298800: reporter [TEST_DONE] 'run' phase is ready to proceed to the 'extract' phase
# 
# --- UVM Report Summary ---
# 
# ** Report counts by severity
# UVM_INFO :  308
# UVM_WARNING :    2
# UVM_ERROR :    0
# UVM_FATAL :    0
# ** Report counts by id
# [Questa UVM]     2
# [RNTST]     1
# [TEST_DONE]     1
# [in_mon]   125
# [out_mon]   125
# [reset_drv]     4
# [reset_seq]     4
# [uvm_sequence_base]     2
# [wish_drv]    10
# [wish_mon]    30
# [xgemac_normal_test]     4
# [xgemac_normal_vseq]     2
# ** Note: $finish    : /tools/mentor/questasim_10.6c/questasim/linux/../verilog_src/uvm-1.1d/src/base/uvm_root.svh(430)
#    Time: 298800 ps  Iteration: 72  Instance: /xgemac_top
# End time: 11:54:02 on Jul 18,2024, Elapsed time: 0:00:07
# Errors: 0, Warnings: 66
